<<<<<<< HEAD
<<<<<<< HEAD
20240124	07:54:39	3cba2e15-0b8a-47e5-aec2-01bfcb12e69f	TypeError: Cannot read properties of null (reading 'reviews')	DELETE	/SiteSupplyCraft/product/658108d668907ee2ec767d75/deletereview	undefined
20240127	11:24:05	0cc0578f-029f-42bd-85aa-33c79cce5aef	MissingSchemaError: Schema hasn't been registered for model "model".
Use mongoose.model(name, schema)	GET	/SiteSupplyCraft/product/65938919a7dfdc482472a448/reviews	undefined
20240127	11:24:19	489cc219-2dd3-4bc0-a4db-f507d552e83d	MissingSchemaError: Schema hasn't been registered for model "model".
Use mongoose.model(name, schema)	GET	/SiteSupplyCraft/product/65938c28a7dfdc482472a468/reviews	undefined
20240127	11:24:32	4f606cc4-39b1-47c0-bbf5-c8ae0ae72e78	MissingSchemaError: Schema hasn't been registered for model "model".
Use mongoose.model(name, schema)	GET	/SiteSupplyCraft/product/65938c28a7dfdc482472a468/reviews	undefined
20240127	11:43:44	a77d725b-c24a-4121-99f2-b2cf068c41e7	MissingSchemaError: Schema hasn't been registered for model "model".
Use mongoose.model(name, schema)	GET	/SiteSupplyCraft/product/65938c94a7dfdc482472a46e/reviews	undefined
20240127	12:23:15	b1793a78-f8c5-47e0-88ba-14d40c406690	MissingSchemaError: Schema hasn't been registered for model "model".
Use mongoose.model(name, schema)	GET	/SiteSupplyCraft/product/65938a6aa7dfdc482472a44d/reviews	undefined
20240127	12:23:45	2f1a7fb3-02d1-4f5e-be29-a1d5d2a5b233	MissingSchemaError: Schema hasn't been registered for model "model".
Use mongoose.model(name, schema)	GET	/SiteSupplyCraft/product/65938a6aa7dfdc482472a44d/reviews	undefined
20240127	12:24:50	3074072e-15cb-413d-b0be-11d3a0ca817f	MissingSchemaError: Schema hasn't been registered for model "model".
Use mongoose.model(name, schema)	GET	/SiteSupplyCraft/product/65938a6aa7dfdc482472a44d/reviews	undefined
20240127	12:24:53	31ea57b9-7f8a-4611-af44-af2f6fad03c3	MissingSchemaError: Schema hasn't been registered for model "model".
Use mongoose.model(name, schema)	GET	/SiteSupplyCraft/product/65938a6aa7dfdc482472a44d/reviews	undefined
20240127	12:28:52	efbfff88-53c6-4768-b7fe-0876263fee14	MissingSchemaError: Schema hasn't been registered for model "model".
Use mongoose.model(name, schema)	GET	/SiteSupplyCraft/product/65938a6aa7dfdc482472a44d/reviews	undefined
20240127	12:29:56	72fdd1ce-d085-4fdf-968c-c41ce30c020d	MissingSchemaError: Schema hasn't been registered for model "model".
Use mongoose.model(name, schema)	GET	/SiteSupplyCraft/product/65938a6aa7dfdc482472a44d/reviews	undefined
20240127	12:32:33	192008f8-a3fe-4831-8c3d-9125618d300b	MissingSchemaError: Schema hasn't been registered for model "model".
Use mongoose.model(name, schema)	GET	/SiteSupplyCraft/product/65938a6aa7dfdc482472a44d/reviews	undefined
20240127	12:33:30	3fd7c4e5-5801-40c8-9772-7ae47d5fa96a	MissingSchemaError: Schema hasn't been registered for model "model".
Use mongoose.model(name, schema)	GET	/SiteSupplyCraft/product/65938a6aa7dfdc482472a44d/reviews	undefined
20240127	12:34:44	4acb2fa6-eec8-44b7-aa9d-0ea0c774c973	MissingSchemaError: Schema hasn't been registered for model "model".
Use mongoose.model(name, schema)	GET	/SiteSupplyCraft/product/65938a6aa7dfdc482472a44d/reviews	undefined
20240127	12:48:21	82b2f7f4-f856-4bee-ae0b-c1f96018435f	TypeError: Cannot read properties of undefined (reading 'toString')	PUT	/SiteSupplyCraft/product/65938919a7dfdc482472a448/addreview	undefined
20240127	12:50:54	c66868d8-f714-4e08-888a-3cf83d918269	TypeError: Cannot read properties of undefined (reading 'toString')	PUT	/SiteSupplyCraft/product/65938919a7dfdc482472a448/addreview	undefined
20240127	12:53:27	6308d47b-ef40-4f3b-8e00-2fc831370ac2	TypeError: Cannot read properties of undefined (reading 'toString')	PUT	/SiteSupplyCraft/product/65938919a7dfdc482472a448/addreview	undefined
20240127	12:53:33	90f45403-01f8-43a3-b449-8d4ca401170f	TypeError: Cannot read properties of undefined (reading 'toString')	PUT	/SiteSupplyCraft/product/65938919a7dfdc482472a448/addreview	undefined
20240127	12:58:12	a3de4ec9-9ae6-4d91-9cee-609540e4ed59	TypeError: Cannot read properties of null (reading 'reviews')	DELETE	/SiteSupplyCraft/product/659178f60f4c96e2aebbe72f/deletereview	undefined
20240127	12:58:33	52804da3-94f7-4e2b-b35c-341d94b5bfc2	TypeError: Cannot read properties of undefined (reading 'toString')	DELETE	/SiteSupplyCraft/product/65938919a7dfdc482472a448/deletereview	undefined
20240127	13:08:07	3c6000a8-8fe1-4dbe-b6f9-e4337404747c	TypeError: Assignment to constant variable.	DELETE	/SiteSupplyCraft/product/65938919a7dfdc482472a448/deletereview	undefined
20240127	13:08:52	0491e2df-7cf4-47ed-b416-8485cec8649a	TypeError: Assignment to constant variable.	DELETE	/SiteSupplyCraft/product/65938919a7dfdc482472a448/deletereview	undefined
20240127	13:09:48	b597215a-d199-488b-b734-a9c9af8e9938	TypeError: Assignment to constant variable.	DELETE	/SiteSupplyCraft/product/65938919a7dfdc482472a448/deletereview	undefined
20240127	13:14:50	20c731b3-975a-4e2a-8ae4-80bac260111f	TypeError: Assignment to constant variable.	DELETE	/SiteSupplyCraft/product/65938919a7dfdc482472a448/deletereview	undefined
20240127	13:15:09	1043ab2e-7e3a-419b-aa85-263d527d066a	TypeError: Assignment to constant variable.	DELETE	/SiteSupplyCraft/product/65938919a7dfdc482472a448/deletereview	undefined
20240127	13:15:50	9666f487-bf1e-45c4-90e7-5790ecb44a7d	TypeError: Assignment to constant variable.	DELETE	/SiteSupplyCraft/product/65938919a7dfdc482472a448/deletereview	undefined
20240127	13:16:39	641a69d0-a957-47e8-8a13-ad4b45325676	TypeError: Assignment to constant variable.	DELETE	/SiteSupplyCraft/product/65938919a7dfdc482472a448/deletereview	undefined
20240127	13:17:30	d9f348ac-424d-44b6-abc8-2ceedeac4c75	ReferenceError: normal is not defined	DELETE	/SiteSupplyCraft/product/65938919a7dfdc482472a448/deletereview	undefined
20240127	13:19:55	3a2b51a9-a2c9-4ed9-8614-dfac187571a9	TypeError: Assignment to constant variable.	DELETE	/SiteSupplyCraft/product/65938919a7dfdc482472a448/deletereview	undefined
20240127	13:23:53	78554f11-1096-443a-8544-47e8b44737fd	TypeError: Cannot read properties of undefined (reading 'filter')	DELETE	/SiteSupplyCraft/product/65938919a7dfdc482472a448/deletereview	undefined
20240127	13:24:10	b61e5795-ad42-4bb4-a4f4-0e2064faa85d	TypeError: Cannot read properties of undefined (reading 'filter')	DELETE	/SiteSupplyCraft/product/65938919a7dfdc482472a448/deletereview	undefined
20240127	13:24:37	a4773826-c29a-4362-8af2-f1357d6ce279	TypeError: Cannot read properties of undefined (reading 'filter')	DELETE	/SiteSupplyCraft/product/65938919a7dfdc482472a448/deletereview	undefined
20240127	13:25:13	9f93407e-397d-43d7-963a-05112155ec17	TypeError: Cannot read properties of undefined (reading 'length')	DELETE	/SiteSupplyCraft/product/65938919a7dfdc482472a448/deletereview	undefined
20240127	13:25:36	1235da0e-6077-4e3c-94a5-8f7e24c0b4be	TypeError: Cannot read properties of undefined (reading 'reduce')	DELETE	/SiteSupplyCraft/product/65938919a7dfdc482472a448/deletereview	undefined
20240127	13:25:51	3b402639-8ad4-4ea9-b4ec-3b19337d79e7	TypeError: Cannot read properties of undefined (reading 'length')	DELETE	/SiteSupplyCraft/product/65938919a7dfdc482472a448/deletereview	undefined
20240127	14:07:35	63f52449-f981-4bbb-95e2-b8cb3aa1bfee	TypeError: Assignment to constant variable.	DELETE	/SiteSupplyCraft/product/65938919a7dfdc482472a448/deletereview	undefined
20240127	14:24:29	7b401950-4b66-4295-9714-53a9b835f5b8	TypeError: Cannot read properties of undefined (reading 'toString')	DELETE	/SiteSupplyCraft/product/65938919a7dfdc482472a448/deletereview	undefined
20240128	13:59:21	fb2ce570-a1ef-4246-b6e0-4992983999e0	JsonWebTokenError: jwt malformed	GET	/SiteSupplyCraft/myprofile	undefined
20240128	13:59:27	94786297-6af6-4027-b353-8f501dc3770c	JsonWebTokenError: jwt malformed	GET	/SiteSupplyCraft/myprofile	undefined
20240128	13:59:36	2d3f01be-e617-426b-86b1-1c780c366df5	JsonWebTokenError: jwt malformed	GET	/SiteSupplyCraft/myprofile	undefined
20240128	14:00:00	eb43f99f-c99e-479f-8361-de19a18b6654	JsonWebTokenError: jwt malformed	GET	/SiteSupplyCraft/myprofile	undefined
20240128	14:00:09	f2df6cb4-dc0a-491f-b4af-e5e0f1d2fcfd	JsonWebTokenError: jwt malformed	GET	/SiteSupplyCraft/myprofile	undefined
20240128	14:14:39	6b186318-db76-4272-b51e-714133686e92	JsonWebTokenError: jwt malformed	GET	/SiteSupplyCraft/myprofile	undefined
20240128	14:15:20	80e82601-5817-4b50-b5af-c8134031444b	JsonWebTokenError: jwt malformed	GET	/SiteSupplyCraft/product/65938ceca7dfdc482472a474	undefined
20240128	14:16:00	13f4a7a3-8036-43ae-8bb2-974200bb7cd2	JsonWebTokenError: jwt malformed	GET	/SiteSupplyCraft/myprofile	undefined
20240128	14:16:07	99c2d25b-babe-4c9a-8091-05a43e6e9351	JsonWebTokenError: jwt malformed	GET	/SiteSupplyCraft/myprofile	undefined
20240128	14:16:10	aa4a7205-db8d-4b3a-8dc5-031579e41d34	JsonWebTokenError: jwt malformed	GET	/SiteSupplyCraft/myprofile	undefined
20240128	14:40:28	6bea3b8e-8a9c-4d09-914d-6da956d8d7a1	JsonWebTokenError: jwt malformed	GET	/SiteSupplyCraft/myprofile	undefined
20240128	14:41:40	495ba2f8-a44d-42da-8f3d-6e578657f840	JsonWebTokenError: jwt malformed	GET	/SiteSupplyCraft/myprofile	undefined
20240128	14:44:09	9e26897e-63d6-4328-af1a-c9efbcf5047b	JsonWebTokenError: jwt malformed	GET	/SiteSupplyCraft/myprofile	undefined
20240128	14:46:47	6e5e47a6-c4d8-4cb2-96e7-3e5363b3b8e9	JsonWebTokenError: jwt malformed	GET	/SiteSupplyCraft/myprofile	undefined
20240128	14:51:09	ef459786-210d-418d-8bed-ec3618f0ff42	JsonWebTokenError: jwt malformed	GET	/SiteSupplyCraft/myprofile	undefined
20240128	14:51:41	a9945aba-8092-4ee2-86fe-5408f7770f2b	JsonWebTokenError: jwt malformed	GET	/SiteSupplyCraft/myprofile	undefined
20240128	15:41:55	45a9ad69-1355-4086-a411-f1b139dd8709	JsonWebTokenError: jwt malformed	GET	/SiteSupplyCraft/myprofile	undefined
20240128	23:02:27	063445e8-63be-481f-a897-0ff8ed131d2c	CastError: Cast to ObjectId failed for value "{ status: 'processing' }" (type Object) at path "_id" for model "Product Owner"	GET	/SiteSupplyCraft/processing	undefined
20240129	13:36:44	1d35b437-8ca1-4f8f-9502-ed6c73d4f4c6	TypeError: Cannot set properties of null (setting 'status')	PUT	/SiteSupplyCraft/product/659278c74af76a11efa9e18b/changeStatus	undefined
20240129	13:39:48	abbcbcd6-91f9-4ad0-9c15-3f1457482667	ValidationError: product validation failed: reviews.0.rating: Path `rating` is required., reviews.1.rating: Path `rating` is required.	PUT	/SiteSupplyCraft/product/65938919a7dfdc482472a448/changeStatus	undefined
20240129	13:42:01	03d895de-92ae-44b4-8fe1-5729ab34ea47	ValidationError: product validation failed: reviews.0.rating: Path `rating` is required., reviews.1.rating: Path `rating` is required.	PUT	/SiteSupplyCraft/product/65938919a7dfdc482472a448/changeStatus	undefined
20240129	13:42:03	71aef46a-3d95-4635-99e5-a0ce20afb00f	ValidationError: product validation failed: reviews.0.rating: Path `rating` is required., reviews.1.rating: Path `rating` is required.	PUT	/SiteSupplyCraft/product/65938919a7dfdc482472a448/changeStatus	undefined
20240129	14:53:24	e2c82106-7802-4f6f-928c-d156b3251739	ReferenceError: activeProducts is not defined	GET	/SiteSupplyCraft/myProducts?	undefined
20240129	14:53:33	f7b3ba09-a29f-405f-9b65-5a84ac2ca7d3	ReferenceError: activeProducts is not defined	GET	/SiteSupplyCraft/myProducts?	undefined
20240129	14:53:52	7030ab9b-38c1-4e5e-8b9f-8734c9467971	ReferenceError: activeProducts is not defined	GET	/SiteSupplyCraft/myProducts?	undefined
20240129	14:53:56	8c2b8f75-2d0a-49f6-b5d7-3312f933766a	ReferenceError: activeProducts is not defined	GET	/SiteSupplyCraft/myProducts?	undefined
20240129	15:00:14	fea36168-ad83-47e3-8c1b-4c30eea842a5	ReferenceError: activeProducts is not defined	GET	/SiteSupplyCraft/myProducts?	undefined
20240129	15:00:22	8538cbd8-1bcf-4595-9f54-0a3aa5c24ed1	ReferenceError: activeProducts is not defined	GET	/SiteSupplyCraft/myProducts?	undefined
20240129	15:01:37	ba9b29f2-42af-41bc-a9e0-f7084d95e496	ReferenceError: activeProducts is not defined	GET	/SiteSupplyCraft/myProducts?	undefined
20240129	15:05:31	7795576b-5857-44ca-adcf-b8823485c389	ReferenceError: activeProducts is not defined	GET	/SiteSupplyCraft/myProducts?	undefined
20240129	15:53:51	24f0c7d4-6501-4a51-94d8-d16f6c51bc03	ReferenceError: Cannot access 'product' before initialization	PUT	/SiteSupplyCraft/product/65938a6aa7dfdc482472a44d/changeStatus	undefined
20240130	10:07:50	09e44dd4-b1df-43ae-82c4-193bd0160138	MongoServerSelectionError: connect ETIMEDOUT 3.7.243.165:27017	GET	/SiteSupplyCraft/laborers?page=1	undefined
20240130	10:08:21	468d521a-e124-4d37-8f0d-6f0398ea5da0	MongoServerSelectionError: getaddrinfo ENOTFOUND ac-xnhyr7r-shard-00-01.yh6jp4w.mongodb.net	GET	/SiteSupplyCraft/laborers?page=1	undefined
20240130	10:08:25	98cd751b-684c-452f-acd3-b333c57a527b	MongoServerSelectionError: getaddrinfo ENOTFOUND ac-xnhyr7r-shard-00-01.yh6jp4w.mongodb.net	GET	/SiteSupplyCraft/products?page=1	undefined
20240130	11:24:49	64e467f7-9734-404f-abf8-180a1f16c7c4	MongoServerSelectionError: getaddrinfo ENOTFOUND ac-xnhyr7r-shard-00-00.yh6jp4w.mongodb.net	GET	/SiteSupplyCraft/products?page=1	undefined
20240216	11:16:41	e7c4ae91-fc11-4bca-b85b-db2942502322	CastError: Cast to ObjectId failed for value "[object Object]" (type string) at path "_id" for model "product"	GET	/SiteSupplyCraft/product/[object%20Object]	undefined
20240216	11:28:25	9d1a2aeb-b7c8-4797-af60-4a904dfce45a	CastError: Cast to ObjectId failed for value "[object Object]" (type string) at path "_id" for model "product"	GET	/SiteSupplyCraft/product/[object%20Object]	undefined
20240216	11:29:05	3aefb978-c111-49c1-9a38-03d87bc3c726	CastError: Cast to ObjectId failed for value "[object Object]" (type string) at path "_id" for model "product"	GET	/SiteSupplyCraft/product/[object%20Object]	undefined
20240216	11:30:31	7ca02d62-5b81-450f-b2f4-5eab061c32fa	CastError: Cast to ObjectId failed for value "[object Object]" (type string) at path "_id" for model "product"	GET	/SiteSupplyCraft/product/[object%20Object]	undefined
=======
20240202	19:40:15	89f274ae-d39c-4eea-ac3e-30f22caf28fa	Error: Received unknown parameters: firstname, lastname	POST	/SiteSupplyCraft/payment/process	undefined
20240202	19:40:38	97f1834f-95fc-4667-a315-0c0cda297321	SyntaxError: Unexpected string in JSON at position 81	POST	/SiteSupplyCraft/payment/process	undefined
20240202	19:41:10	a9412df0-4df8-4227-be99-dba77a33c990	Error: Received unknown parameters: district, number, street, postalCode. Did you mean postal_code?	POST	/SiteSupplyCraft/payment/process	undefined
20240202	19:42:13	702b8bbb-99b6-42cc-9d8a-a451d78a96cc	Error: Received unknown parameter: shipping[address][postalCode]. Did you mean postal_code?	POST	/SiteSupplyCraft/payment/process	undefined
20240202	19:42:26	30fa1a0b-3272-4a8c-a3b9-d7388ec90a2b	Error: Amount must convert to at least 50 cents. 2.00 ₨ converts to approximately $0.01.	POST	/SiteSupplyCraft/payment/process	undefined
20240202	19:43:00	0c1a8ac2-89a9-406d-8551-bc3579897fce	Error: Amount must convert to at least 50 cents. 2.00 ₨ converts to approximately $0.01.	POST	/SiteSupplyCraft/payment/process	undefined
20240202	21:01:57	0f0b1a33-4f32-4f7c-ba4b-c622c25c0c02	Error: Amount must convert to at least 50 cents. 0.64 ₨ converts to approximately $0.00.	POST	/SiteSupplyCraft/payment/process	undefined
20240202	21:03:02	bc5eec19-98d9-4d92-9e26-96ced1edb585	Error: Amount must convert to at least 50 cents. 1.28 ₨ converts to approximately $0.00.	POST	/SiteSupplyCraft/payment/process	undefined
20240202	21:06:16	72d2c2fb-aaa6-475d-a61a-49090405d785	Error: Amount must convert to at least 50 cents. 6.41 ₨ converts to approximately $0.02.	POST	/SiteSupplyCraft/payment/process	undefined
20240202	21:06:40	72af63a8-7baf-4c9a-b6ea-02c3e9b5e700	Error: Amount must convert to at least 50 cents. 64.09 ₨ converts to approximately $0.20.	POST	/SiteSupplyCraft/payment/process	undefined
20240202	21:07:19	2e1e4b6d-2259-4aa6-9f92-4dfd27aefa8c	Error: Amount must convert to at least 50 cents. 1.00 ₨ converts to approximately $0.00.	POST	/SiteSupplyCraft/payment/process	undefined
20240202	21:10:01	24804972-6458-4eda-8dc0-4e45a91304ce	Error: Amount must convert to at least 50 cents. 1.00 ₨ converts to approximately $0.00.	POST	/SiteSupplyCraft/payment/process	undefined
20240202	22:23:54	f17abb17-f8ed-4117-9e17-ed2071e12925	Error: Received unknown parameters: district, number	POST	/SiteSupplyCraft/payment/process	undefined
20240202	22:26:08	6a78f680-d75b-4cda-a0be-f5cca9bd9720	Error: Received unknown parameters: district, number	POST	/SiteSupplyCraft/payment/process	undefined
20240214	14:45:46	b312f9c7-874f-433e-a61c-4a8ea4e7a44d	MongoServerSelectionError: getaddrinfo ENOTFOUND ac-xnhyr7r-shard-00-02.yh6jp4w.mongodb.net	GET	/SiteSupplyCraft/products/rent?page=1	undefined
20240215	17:05:35	fea6142f-ab73-444a-816a-e9c0321f942b	Error: Multipart: Boundary not found	POST	/SiteSupplyCraft/registration	http://localhost:4500/
20240215	17:06:25	4bf8b640-9464-4449-977f-29efce92ea75	Error: Multipart: Boundary not found	POST	/SiteSupplyCraft/registration	http://localhost:4500/
>>>>>>> 4a7f5eaa7ceecb8f6bd04a4c2ec7e1c0d5e80ac1
20240302	15:08:49	f96f75d8-7771-4c99-b7e1-52f8c81605af	TypeError: Cannot read properties of null (reading 'createdAt')	GET	/SiteSupplyCraft/product/65938a6aa7dfdc482472a44d	undefined
=======
20240227	22:20:06	7512500c-3e8c-42a4-93d2-f7a0259e552b	TypeError: Cannot read properties of undefined (reading 'status')	POST	/SiteSupplyCraft/payment/process	undefined
20240228	13:34:23	0351aced-aa18-4103-80f0-391ff738b336	Error: Amount must be no more than 999,999.99 ₨	POST	/SiteSupplyCraft/payment/process	http://localhost:4500/
20240228	20:12:52	4e5c4d55-783c-4a9b-b044-f183f01ab0ed	PayloadTooLargeError: request entity too large	POST	/SiteSupplyCraft/product/new	http://localhost:4500/
20240228	20:17:31	37cafc7e-636b-40ad-ab1b-6992e96e91f9	PayloadTooLargeError: request entity too large	POST	/SiteSupplyCraft/product/new	http://localhost:4500/
20240228	20:21:49	bab0ecf8-8c2c-499e-b8bb-8c180346de68	Error: Amount must convert to at least 50 cents. 100.00 ₨ converts to approximately $0.32.	POST	/SiteSupplyCraft/payment/process	http://localhost:4500/
20240228	20:22:38	f7b27a9d-1d0d-499b-a3e6-3e3f9ca1333d	Error: Amount must convert to at least 50 cents. 100.00 ₨ converts to approximately $0.32.	POST	/SiteSupplyCraft/payment/process	http://localhost:4500/
20240228	20:24:00	1d3aadbc-29e6-4934-8964-1ca9b86a38cc	Error: Amount must convert to at least 50 cents. 100.00 ₨ converts to approximately $0.32.	POST	/SiteSupplyCraft/payment/process	http://localhost:4500/
20240228	20:24:36	490be888-6516-4e14-af9d-1ff6b3e1ca0d	Error: Invalid integer: NaN	POST	/SiteSupplyCraft/payment/process	undefined
20240228	20:25:01	8d042ad2-cea2-40ba-ab48-0394c3c85e00	Error: Invalid integer: NaN	POST	/SiteSupplyCraft/payment/process	undefined
20240228	20:33:20	f5356ffb-c7bd-49fd-a535-bade4b67f33a	Error: Amount must convert to at least 50 cents. 100.00 ₨ converts to approximately $0.32.	POST	/SiteSupplyCraft/payment/process	http://localhost:4500/
20240228	20:35:34	ef2dfa77-5721-4e54-839a-0a1a05c221c0	Error: Amount must convert to at least 50 cents. 100.00 ₨ converts to approximately $0.32.	POST	/SiteSupplyCraft/payment/process	http://localhost:4500/
20240228	20:36:18	49c39f48-4a09-4ea2-9a88-e567d528cdcc	Error: Amount must convert to at least 50 cents. 100.00 ₨ converts to approximately $0.32.	POST	/SiteSupplyCraft/payment/process	http://localhost:4500/
20240228	20:36:43	948441c2-863c-40e0-bb81-51e2542117a4	Error: Amount must convert to at least 50 cents. 100.00 ₨ converts to approximately $0.32.	POST	/SiteSupplyCraft/payment/process	undefined
20240228	20:37:23	acb3cd66-31c6-4fd3-b999-7ac0e9ee1018	Error: Amount must convert to at least 50 cents. 150.00 ₨ converts to approximately $0.48.	POST	/SiteSupplyCraft/payment/process	undefined
20240228	21:27:25	3cf1a17e-c2a9-4690-8d57-8d18528d443b	Error: Amount must convert to at least 50 cents. 100.00 ₨ converts to approximately $0.32.	POST	/SiteSupplyCraft/payment/process	http://localhost:4500/
20240228	23:41:40	95eb9d76-bc86-4d70-805b-e2dc713b3139	PayloadTooLargeError: request entity too large	POST	/SiteSupplyCraft/product/new	http://localhost:4500/
20240228	23:41:40	9d9312de-e152-400e-a37d-f7d6c764565d	PayloadTooLargeError: request entity too large	POST	/SiteSupplyCraft/payment/new	http://localhost:4500/
20240229	08:49:03	5731eee0-018d-4c73-938d-5e17393e36e9	PayloadTooLargeError: request entity too large	POST	/SiteSupplyCraft/product/new	http://localhost:4500/
20240229	08:49:03	4ff8e26e-e863-4820-bcde-63a3afb6acea	PayloadTooLargeError: request entity too large	POST	/SiteSupplyCraft/payment/new	http://localhost:4500/
20240229	09:03:49	5550918d-42d7-4967-9d42-efa3cbe4a02e	PayloadTooLargeError: request entity too large	POST	/SiteSupplyCraft/product/new	http://localhost:4500/
20240229	09:03:49	4b0b77d9-ad59-4e69-9851-889b384e9c29	PayloadTooLargeError: request entity too large	POST	/SiteSupplyCraft/payment/new	http://localhost:4500/
20240229	09:45:09	0f678e58-ed1b-4e5c-af3b-91689cd70379	CastError: Cast to ObjectId failed for value "duplicate" (type string) at path "_id" for model "product"	GET	/SiteSupplyCraft/product/duplicate	undefined
20240229	09:45:28	882572d7-5a15-4a5b-971e-668448ce8d56	CastError: Cast to ObjectId failed for value "duplicate" (type string) at path "_id" for model "product"	GET	/SiteSupplyCraft/product/duplicate	undefined
20240229	09:46:01	08fd950f-e09c-4d5e-9bc5-66c135084c69	CastError: Cast to ObjectId failed for value "duplicate" (type string) at path "_id" for model "product"	GET	/SiteSupplyCraft/product/duplicate	undefined
20240229	09:59:04	c380bc94-85f1-4cac-a1fd-30f8a31cdac6	CastError: Cast to ObjectId failed for value "duplicate" (type string) at path "_id" for model "product"	GET	/SiteSupplyCraft/product/duplicate	undefined
20240229	09:59:15	09f79101-9dd4-47bc-814e-37c8fcd4b11f	CastError: Cast to ObjectId failed for value "duplicate" (type string) at path "_id" for model "product"	GET	/SiteSupplyCraft/product/duplicate	undefined
20240229	10:03:13	2577c0d1-5d57-4882-a2b9-ba598359ad1f	CastError: Cast to ObjectId failed for value "duplicate" (type string) at path "_id" for model "product"	GET	/SiteSupplyCraft/product/duplicate	undefined
20240229	10:03:31	19cfd323-7e74-498b-b454-8e6ae0d87f97	CastError: Cast to ObjectId failed for value "duplicate" (type string) at path "_id" for model "product"	GET	/SiteSupplyCraft/product/duplicate	undefined
20240229	10:03:33	7e6e4dda-9579-4395-b786-9c90160c160d	CastError: Cast to ObjectId failed for value "duplicate" (type string) at path "_id" for model "product"	GET	/SiteSupplyCraft/product/duplicate	undefined
20240229	10:03:33	288c7028-446b-4f71-989e-76ac854040d1	CastError: Cast to ObjectId failed for value "duplicate" (type string) at path "_id" for model "product"	GET	/SiteSupplyCraft/product/duplicate	undefined
20240229	10:08:11	0885d209-5c75-43d4-be64-2373c07b21e3	CastError: Cast to ObjectId failed for value "duplicate" (type string) at path "_id" for model "product"	GET	/SiteSupplyCraft/product/duplicate	undefined
20240229	10:10:58	27f2f19d-5278-4e3d-86f7-8b461b799497	CastError: Cast to ObjectId failed for value "duplicate" (type string) at path "_id" for model "product"	GET	/SiteSupplyCraft/product/duplicate	undefined
20240229	10:19:40	c44ae613-8d58-4c6f-87bc-06ca534b55aa	CastError: Cast to ObjectId failed for value "duplicate" (type string) at path "_id" for model "product"	GET	/SiteSupplyCraft/product/duplicate	undefined
20240229	10:20:44	a8acb7ac-fb5e-4509-9be6-08feca6154d7	CastError: Cast to ObjectId failed for value "duplicate" (type string) at path "_id" for model "product"	GET	/SiteSupplyCraft/product/duplicate	undefined
20240229	10:22:58	1819d5de-5988-4aca-847b-0bdf26d83ff3	CastError: Cast to ObjectId failed for value "duplicate" (type string) at path "_id" for model "product"	GET	/SiteSupplyCraft/product/duplicate	undefined
20240229	10:26:25	37bda753-cc51-4226-8b1d-426ceeedb4a1	CastError: Cast to ObjectId failed for value "duplicate" (type string) at path "_id" for model "product"	GET	/SiteSupplyCraft/product/duplicate	undefined
20240229	10:27:03	f9ba7c86-b9c8-4de6-82c2-8daa17501c12	CastError: Cast to ObjectId failed for value "duplicate" (type string) at path "_id" for model "product"	GET	/SiteSupplyCraft/product/duplicate	undefined
20240229	10:27:52	7783fd1f-e796-45bc-9c3d-51ff30343e78	CastError: Cast to ObjectId failed for value "duplicate" (type string) at path "_id" for model "product"	GET	/SiteSupplyCraft/product/duplicate	undefined
20240229	10:31:20	8c0e648d-3828-4cc7-8b0f-41d5883f1275	CastError: Cast to ObjectId failed for value "duplicate" (type string) at path "_id" for model "product"	GET	/SiteSupplyCraft/product/duplicate	undefined
20240229	10:31:23	634aa78d-0174-44dc-b2e1-16b71eb0d15d	CastError: Cast to ObjectId failed for value "duplicate" (type string) at path "_id" for model "product"	GET	/SiteSupplyCraft/product/duplicate	undefined
20240229	10:31:24	240b91b0-0abe-4cd5-92ff-a530591b4cd5	CastError: Cast to ObjectId failed for value "duplicate" (type string) at path "_id" for model "product"	GET	/SiteSupplyCraft/product/duplicate	undefined
20240229	10:31:26	fa9d3665-f230-43eb-8b6c-140615bad82b	CastError: Cast to ObjectId failed for value "duplicate" (type string) at path "_id" for model "product"	GET	/SiteSupplyCraft/product/duplicate	undefined
20240229	10:33:39	43d229ab-5bc4-43e9-9c87-263752c5fc3f	CastError: Cast to ObjectId failed for value "duplicate" (type string) at path "_id" for model "product"	GET	/SiteSupplyCraft/product/duplicate	undefined
20240229	10:48:23	7451c8e7-96af-4525-b60f-83ec4fe09107	CastError: Cast to ObjectId failed for value "duplicate" (type string) at path "_id" for model "product"	GET	/SiteSupplyCraft/product/duplicate	undefined
20240229	10:48:38	1030e687-8267-42d0-8df4-fbf7f4b6c6f6	CastError: Cast to ObjectId failed for value "duplicate" (type string) at path "_id" for model "product"	GET	/SiteSupplyCraft/product/duplicate	undefined
20240229	10:49:22	6807d7b0-f009-43ee-b2f2-8dcb374feac8	CastError: Cast to ObjectId failed for value "duplicate" (type string) at path "_id" for model "product"	GET	/SiteSupplyCraft/product/duplicate	undefined
20240229	10:49:50	58886a65-663d-4744-8ca4-47eac273dfd5	CastError: Cast to ObjectId failed for value "duplicate" (type string) at path "_id" for model "product"	GET	/SiteSupplyCraft/product/duplicate	undefined
20240229	10:49:51	b4dd3d05-da5d-4f85-bf8e-f47c78a5bb8f	CastError: Cast to ObjectId failed for value "duplicate" (type string) at path "_id" for model "product"	GET	/SiteSupplyCraft/product/duplicate	undefined
20240229	10:56:02	449dd186-0828-4a85-babf-fee7d85892c9	CastError: Cast to ObjectId failed for value "duplicate" (type string) at path "_id" for model "product"	GET	/SiteSupplyCraft/product/duplicate	undefined
20240229	10:56:03	8c656495-d52f-4ab9-8b42-7e98e761e779	CastError: Cast to ObjectId failed for value "duplicate" (type string) at path "_id" for model "product"	GET	/SiteSupplyCraft/product/duplicate	undefined
20240229	10:56:55	b0c63079-2270-4325-b01e-c21d4e925463	CastError: Cast to ObjectId failed for value "duplicate" (type string) at path "_id" for model "product"	GET	/SiteSupplyCraft/product/duplicate	undefined
20240229	10:57:40	8032aaef-e2ac-4beb-b1fa-e3662cf38e58	CastError: Cast to ObjectId failed for value "duplicate" (type string) at path "_id" for model "product"	GET	/SiteSupplyCraft/product/duplicate	undefined
20240229	10:57:58	39125578-cdea-4dcc-9061-6aec2ed2e669	CastError: Cast to ObjectId failed for value "duplicate" (type string) at path "_id" for model "product"	GET	/SiteSupplyCraft/product/duplicate	undefined
20240229	10:58:00	e6590199-be8f-46b0-9376-4b406ae70e7d	CastError: Cast to ObjectId failed for value "duplicate" (type string) at path "_id" for model "product"	GET	/SiteSupplyCraft/product/duplicate	undefined
20240229	10:58:01	54f6739f-0ec7-4907-ac9f-4880f5a7fbe6	CastError: Cast to ObjectId failed for value "duplicate" (type string) at path "_id" for model "product"	GET	/SiteSupplyCraft/product/duplicate	undefined
20240229	10:58:02	5214e485-f769-4b56-98b8-b3007dc08aac	CastError: Cast to ObjectId failed for value "duplicate" (type string) at path "_id" for model "product"	GET	/SiteSupplyCraft/product/duplicate	undefined
20240229	10:58:03	38828293-0e78-4cdc-ba83-b258ede125c7	CastError: Cast to ObjectId failed for value "duplicate" (type string) at path "_id" for model "product"	GET	/SiteSupplyCraft/product/duplicate	undefined
20240229	10:58:04	9edd3b26-574b-4de3-b1f3-efe84b05ec38	CastError: Cast to ObjectId failed for value "duplicate" (type string) at path "_id" for model "product"	GET	/SiteSupplyCraft/product/duplicate	undefined
20240229	10:58:05	752cb9be-f977-4bae-aa32-99f0473b82e2	CastError: Cast to ObjectId failed for value "duplicate" (type string) at path "_id" for model "product"	GET	/SiteSupplyCraft/product/duplicate	undefined
20240229	10:58:56	21de3f41-02ae-423e-887e-7e82ef953771	CastError: Cast to ObjectId failed for value "duplicate" (type string) at path "_id" for model "product"	GET	/SiteSupplyCraft/product/duplicate	undefined
20240229	10:59:29	f647f05f-f86d-4b6c-b821-e8d16b53870a	CastError: Cast to ObjectId failed for value "duplicate" (type string) at path "_id" for model "product"	GET	/SiteSupplyCraft/product/duplicate	undefined
20240229	11:00:01	158ef0c6-04af-470c-b362-686c57c72ea5	CastError: Cast to ObjectId failed for value "duplicate" (type string) at path "_id" for model "product"	GET	/SiteSupplyCraft/product/duplicate	undefined
20240229	11:00:03	5e761a9f-2657-464b-84c3-c84cbf5baaf3	CastError: Cast to ObjectId failed for value "duplicate" (type string) at path "_id" for model "product"	GET	/SiteSupplyCraft/product/duplicate	undefined
20240229	11:00:04	d7049408-2084-4efe-abac-86f172a329c5	CastError: Cast to ObjectId failed for value "duplicate" (type string) at path "_id" for model "product"	GET	/SiteSupplyCraft/product/duplicate	undefined
20240229	11:00:05	de862439-fb30-44ab-b751-e25ada47b446	CastError: Cast to ObjectId failed for value "duplicate" (type string) at path "_id" for model "product"	GET	/SiteSupplyCraft/product/duplicate	undefined
20240229	11:00:06	32f1eb7e-c01b-43f1-8280-ba53c0fc11d0	CastError: Cast to ObjectId failed for value "duplicate" (type string) at path "_id" for model "product"	GET	/SiteSupplyCraft/product/duplicate	undefined
20240229	11:00:14	9b2281c4-b92d-421f-856f-5bcde377c913	CastError: Cast to ObjectId failed for value "duplicate" (type string) at path "_id" for model "product"	GET	/SiteSupplyCraft/product/duplicate	undefined
20240229	11:00:15	788bc128-1b5e-4202-9465-de2c59204862	CastError: Cast to ObjectId failed for value "duplicate" (type string) at path "_id" for model "product"	GET	/SiteSupplyCraft/product/duplicate	undefined
20240229	11:00:40	7537355b-ff3d-445d-9b9f-398091bca7bd	CastError: Cast to ObjectId failed for value "duplicate" (type string) at path "_id" for model "product"	GET	/SiteSupplyCraft/product/duplicate	undefined
20240229	11:00:42	b5f4013f-3501-45d4-be4c-bc4e7f221f23	CastError: Cast to ObjectId failed for value "duplicate" (type string) at path "_id" for model "product"	GET	/SiteSupplyCraft/product/duplicate	undefined
20240229	11:00:42	a30a2311-4088-489b-be02-72269fc26965	CastError: Cast to ObjectId failed for value "duplicate" (type string) at path "_id" for model "product"	GET	/SiteSupplyCraft/product/duplicate	undefined
20240229	11:02:00	87eb2866-2ce8-47d7-8bdd-3cd5680a8b00	CastError: Cast to ObjectId failed for value "duplicate" (type string) at path "_id" for model "product"	GET	/SiteSupplyCraft/product/duplicate	undefined
20240229	11:02:02	8817f8d0-0dbd-41df-9783-1472675e7991	CastError: Cast to ObjectId failed for value "duplicate" (type string) at path "_id" for model "product"	GET	/SiteSupplyCraft/product/duplicate	undefined
20240229	11:02:32	104f9c15-61a9-4c98-a398-d493a6ed49f0	CastError: Cast to ObjectId failed for value "checking" (type string) at path "_id" for model "product"	GET	/SiteSupplyCraft/product/checking	undefined
20240229	11:02:38	dbba30c5-d05e-4c55-bed4-8633628eb128	CastError: Cast to ObjectId failed for value "chec" (type string) at path "_id" for model "product"	GET	/SiteSupplyCraft/product/chec	undefined
20240229	11:02:46	4540bef6-0d07-4410-bfeb-f126750c482d	CastError: Cast to ObjectId failed for value "well" (type string) at path "_id" for model "product"	GET	/SiteSupplyCraft/product/well	undefined
20240229	11:02:59	a6a8cac3-66d4-4df8-aae8-3c67f07b7854	CastError: Cast to ObjectId failed for value "done" (type string) at path "_id" for model "product"	GET	/SiteSupplyCraft/product/done	undefined
20240229	11:03:08	032f102d-506c-4412-b17a-4ec3067dde83	CastError: Cast to ObjectId failed for value "sand" (type string) at path "_id" for model "product"	GET	/SiteSupplyCraft/product/sand	undefined
20240229	11:03:54	4ead03b3-863f-48b6-a9fc-6a3c7cc1a1b1	CastError: Cast to ObjectId failed for value "sand" (type string) at path "_id" for model "product"	GET	/SiteSupplyCraft/product/sand	undefined
20240229	11:10:46	5f0a4dc3-52e7-4982-9e70-2872460e0ad8	CastError: Cast to ObjectId failed for value "check" (type string) at path "_id" for model "product"	GET	/SiteSupplyCraft/product/check	undefined
20240229	11:10:56	ce1309b5-ab67-4064-87c8-385c14bb8cb2	CastError: Cast to ObjectId failed for value "check" (type string) at path "_id" for model "product"	GET	/SiteSupplyCraft/product/check	undefined
20240229	11:12:39	e8340fa0-a296-4142-9995-3bc54dce23de	CastError: Cast to ObjectId failed for value "duplicate" (type string) at path "_id" for model "product"	GET	/SiteSupplyCraft/product/duplicate	undefined
20240229	11:13:08	846d1c77-6cbd-4b95-b00c-639ba72eeea4	TypeError: Cannot read properties of undefined (reading 'toUpperCase')	GET	/SiteSupplyCraft/products/check	undefined
20240229	11:14:40	89d1fc75-cb78-405a-9a38-e069e9b2bbe5	TypeError: Cannot read properties of undefined (reading 'toUpperCase')	GET	/SiteSupplyCraft/products/check	undefined
20240229	11:18:33	410b7751-b435-49b6-9857-cc6c9fa92b4c	TypeError: Cannot read properties of undefined (reading 'toUpperCase')	GET	/SiteSupplyCraft/products/check	undefined
20240229	12:05:45	3705cefd-9392-4bf6-9948-a80cf04237e6	TypeError: Cannot read properties of undefined (reading 'toUpperCase')	POST	/SiteSupplyCraft/product/new	http://localhost:4500/
20240229	13:24:15	602c28ed-adf3-436a-9e7c-cae9cbafd822	TypeError: Cannot read properties of undefined (reading 'toUpperCase')	POST	/SiteSupplyCraft/product/new	http://localhost:4500/
20240229	14:56:54	10c3d35a-8a1e-4c93-bed2-3c599282a5c8	ValidationError: product validation failed: priceType: Validator failed for path `priceType` with value `perDay`	POST	/SiteSupplyCraft/product/new	http://localhost:4500/
20240229	15:03:18	7cf38d39-563f-4cc3-8f4d-8927c63183e2	ValidationError: product validation failed: priceType: Validator failed for path `priceType` with value `perDay`	POST	/SiteSupplyCraft/product/new	http://localhost:4500/
20240229	16:31:46	ee6684b8-4739-44f7-bba4-f26028c9e271	ValidationError: Payment validation failed: paymentInfo.status: Path `paymentInfo.status` is required., paymentInfo.id: Path `paymentInfo.id` is required.	POST	/SiteSupplyCraft/payment/new	http://localhost:4500/
20240229	16:39:43	019640e2-0c1c-4a68-9744-7c67354c34bd	ValidationError: Payment validation failed: paymentInfo.status: Path `paymentInfo.status` is required., paymentInfo.id: Path `paymentInfo.id` is required.	POST	/SiteSupplyCraft/payment/new	http://localhost:4500/
20240229	16:44:06	46bb3874-7314-433e-b9d9-1ecc9bbd941f	ValidationError: Payment validation failed: paymentInfo.status: Path `paymentInfo.status` is required., paymentInfo.id: Path `paymentInfo.id` is required.	POST	/SiteSupplyCraft/payment/new	http://localhost:4500/
20240229	16:55:17	74ae2aad-bee2-4245-8789-356887436379	ValidationError: Payment validation failed: paymentInfo.status: Path `paymentInfo.status` is required., paymentInfo.id: Path `paymentInfo.id` is required.	POST	/SiteSupplyCraft/payment/new	http://localhost:4500/
20240229	17:27:02	c9508ebc-07f5-4113-b6b3-a1519d160add	ValidationError: Payment validation failed: paymentInfo.status: Path `paymentInfo.status` is required., paymentInfo.id: Path `paymentInfo.id` is required.	POST	/SiteSupplyCraft/payment/new	http://localhost:4500/
20240229	17:30:57	a50594be-1d82-4d71-b514-fe539de3b2e9	ValidationError: Payment validation failed: paymentInfo.status: Path `paymentInfo.status` is required., paymentInfo.id: Path `paymentInfo.id` is required.	POST	/SiteSupplyCraft/payment/new	http://localhost:4500/
20240229	17:40:29	4fd384c6-c8d3-4138-9341-cf3dc28d9e36	ValidationError: Payment validation failed: paymentInfo.status: Path `paymentInfo.status` is required., paymentInfo.id: Path `paymentInfo.id` is required.	POST	/SiteSupplyCraft/payment/new	http://localhost:4500/
20240301	00:49:22	98f01f71-a670-41df-bd01-7213b25d1a9b	TypeError: Payment.findOne(...).populate(...).exe is not a function	GET	/SiteSupplyCraft/payment/65e072c2e924c6e896beac74	undefined
20240301	09:28:48	8a03bd87-8b5b-47a1-8dba-b396ecec276b	ObjectParameterError: Parameter "filter" to findOne() must be an object, got "65e0b5d9e924c6e896beaecd" (type string)	GET	/SiteSupplyCraft/payment/65e0b5d9e924c6e896beaecd	undefined
20240301	09:29:34	1579238c-a912-4a9b-a3d2-5b57be5ce559	CastError: Cast to ObjectId failed for value "pi_3OpCoUIAT6kWuVYe1TOAmnmi" (type string) at path "_id" for model "Payment"	GET	/SiteSupplyCraft/payment/pi_3OpCoUIAT6kWuVYe1TOAmnmi	undefined
>>>>>>> sabith
