<<<<<<< HEAD
20240130	14:04:13	923c99c5-cd93-4ba9-8b17-220b1e369f88	undefined: undefined	undefined	undefined
20240130	14:05:02	238a497f-9931-4eab-8922-0586f08a4530	undefined: ECONNREFUSED	querySrv	_mongodb._tcp.cluster0.yh6jp4w.mongodb.net
20240130	14:06:07	6ac2175e-48ea-481d-9ddd-3739198ba832	undefined: undefined	undefined	undefined
20240131	09:36:24	f4ac07cf-cf07-426f-9b9c-8dc6200c42c7	undefined: ECONNREFUSED	querySrv	_mongodb._tcp.cluster0.yh6jp4w.mongodb.net
20231130	07:21:30	e9f16ff9-703a-487a-bc52-e807557e203d	undefined: undefined	undefined	undefined
20231130	08:30:04	600d2466-1053-4b2c-86aa-85734499bd63	undefined: undefined	undefined	undefined
20231231	19:33:20	82d149ee-f69d-4488-bea1-8043f94d7883	undefined: undefined	undefined	undefined
20231231	19:34:10	7d2873bb-1bba-4e52-a62e-38a66bf1915c	undefined: undefined	undefined	undefined
20240101	12:19:37	6df12b4e-8d8c-4d01-bd4c-129fbf32ddcf	undefined: ETIMEOUT	querySrv	_mongodb._tcp.cluster0.yh6jp4w.mongodb.net
20240102	09:16:32	83b7565b-cc52-4010-8367-0cfb2d236fa8	undefined: ETIMEOUT	querySrv	_mongodb._tcp.cluster0.yh6jp4w.mongodb.net
20240104	12:57:28	9564d93a-92c1-41fb-8cce-e809d578b962	undefined: ETIMEOUT	querySrv	_mongodb._tcp.cluster0.yh6jp4w.mongodb.net
20240110	11:07:36	40c973f2-dbd1-418a-a13a-fb230d93c767	undefined: ETIMEOUT	querySrv	_mongodb._tcp.cluster0.yh6jp4w.mongodb.net
20240128	16:26:23	5279d374-435a-4de9-a57c-81e781c2004a	undefined: ECONNREFUSED	querySrv	_mongodb._tcp.cluster0.yh6jp4w.mongodb.net
20240128	16:29:15	918f4010-68b7-4ab7-95a6-f0e4f493b456	undefined: ECONNREFUSED	querySrv	_mongodb._tcp.cluster0.yh6jp4w.mongodb.net
20240130	12:46:14	b19c66a0-60ba-419d-9bc7-0fa9e3afc3c9	undefined: undefined	undefined	undefined
20240130	12:51:34	3f3b0b08-e96d-4bf5-8034-2f5215fe0b12	undefined: undefined	undefined	undefined
20240130	10:11:15	fae72e2a-39f0-4ea5-aeef-db5a390f97ad	undefined: ETIMEOUT	querySrv	_mongodb._tcp.cluster0.yh6jp4w.mongodb.net
20240221	11:21:11	449c147c-a335-45f9-9f46-55a2552c9221	undefined: ECONNREFUSED	querySrv	_mongodb._tcp.cluster0.yh6jp4w.mongodb.net
=======
>>>>>>> 4a7f5eaa7ceecb8f6bd04a4c2ec7e1c0d5e80ac1
