20240216	10:32:26	3784d33d-9d91-49e3-b7a2-5a5a868ad5a4	GET	/SiteSupplyCraft/products?page=1	undefined
20240216	10:32:26	29ee6982-030c-419f-9950-d82668bbdc67	GET	/SiteSupplyCraft/myprofile	undefined
20240216	10:32:26	6daea5be-de84-485a-ad0b-d70d52022245	GET	/SiteSupplyCraft/payment/stripeApi	undefined
20240216	10:32:33	ce0296f2-eae3-43f4-88e9-c56d2de1327d	GET	/SiteSupplyCraft/myprofile	undefined
20240216	10:38:33	799f3f77-2739-4751-a120-61ea52a22f83	POST	/SiteSupplyCraft/login	http://localhost:4500/
20240216	10:38:40	af0736c7-21f1-4d19-88ed-270f89b6b4b0	POST	/SiteSupplyCraft/login	http://localhost:4500/
20240216	10:38:45	563345fc-e840-4a67-85fd-7b93fcc770a7	POST	/SiteSupplyCraft/login	http://localhost:4500/
20240216	10:39:12	a7b43ada-ac88-4711-80b0-5674de5f8e7d	POST	/SiteSupplyCraft/login	http://localhost:4500/
20240216	10:39:13	1d39b957-c072-461e-9771-8d292f43bc53	GET	/SiteSupplyCraft/products?page=1	undefined
20240216	10:39:33	c44ad024-bc88-4105-890d-83e75ecbb1e9	PUT	/SiteSupplyCraft/email/resend	http://localhost:4500/
20240216	10:39:54	fdb3f31b-b792-4e44-a15c-bf4d3a5d0998	GET	/SiteSupplyCraft/products?page=1	undefined
20240216	10:40:13	8a25184d-5a7a-4497-8654-832871025bfd	PUT	/SiteSupplyCraft/email/resend	http://localhost:4500/
20240216	10:42:51	2a58c349-643a-470f-857e-4c0573f8cc94	PUT	/SiteSupplyCraft/email/verify/eddcd8beb6a80ae1d6a72cf32e987f3d54622711	http://localhost:4500/
20240216	10:42:51	304eabd6-223e-46d2-9581-6008a02b533d	GET	/SiteSupplyCraft/myprofile	undefined
20240216	10:42:51	9a781d58-ac63-491e-ba52-6ead43db298e	GET	/SiteSupplyCraft/payment/stripeApi	undefined
20240216	10:42:55	938e2f21-d3b1-4c2d-8b2f-cb598f55125b	GET	/SiteSupplyCraft/products?page=1	undefined
20240216	10:43:31	e287bef1-9854-4f11-843c-cc5cc98cdb62	GET	/SiteSupplyCraft/logout	undefined
20240216	10:43:31	73c7f18c-706e-433e-a0cc-7e9b604d530e	GET	/SiteSupplyCraft/products?page=1	undefined
20240216	10:43:46	659c68fe-3ace-4763-8530-517a5a3bfbf8	POST	/SiteSupplyCraft/login	http://localhost:4500/
20240216	10:44:20	b4d34efa-1ec6-44ed-8c38-8821cfdf4a9a	POST	/SiteSupplyCraft/login	http://localhost:4500/
20240216	10:44:20	129b15df-1fa7-4cf5-bdc8-02375b79de24	GET	/SiteSupplyCraft/products?page=1	undefined
20240216	10:49:00	962c1419-98a5-4663-bf44-f3b6b6394c71	GET	/SiteSupplyCraft/myprofile	undefined
20240216	10:49:00	36fd17b7-9c12-4897-9d48-7ad4f2e4ebc7	GET	/SiteSupplyCraft/payment/stripeApi	undefined
20240216	10:49:00	52e1fdaf-45ca-4f8d-a642-0fac11b30673	GET	/SiteSupplyCraft/myprofile	undefined
20240216	10:49:00	308197c6-6692-4d28-bb10-2dec9729a6e4	GET	/SiteSupplyCraft/products?page=1	undefined
20240216	10:50:11	880a287a-e233-4847-81ee-6fe0b62a754a	GET	/SiteSupplyCraft/products?page=1	undefined
20240216	10:50:11	e21c12bf-8cc5-4abb-8594-8d42363a8d62	GET	/SiteSupplyCraft/myprofile	undefined
20240216	10:50:11	0dc8eea4-d470-4b3b-9229-6bf1bb5daccf	GET	/SiteSupplyCraft/payment/stripeApi	undefined
20240216	10:58:23	6c214f35-432f-453b-a093-b3f6ccd3acc1	GET	/SiteSupplyCraft/myprofile	undefined
20240216	10:58:23	116bbd3c-4ae1-461f-bb1c-aa196ab60542	GET	/SiteSupplyCraft/payment/stripeApi	undefined
20240216	10:58:23	4d7088f2-2c43-4b5c-8101-057ff167956b	GET	/SiteSupplyCraft/myprofile	undefined
20240216	10:58:24	ce757af0-aae9-496c-99dc-cc30dc9a554c	GET	/SiteSupplyCraft/products?page=1	undefined
20240216	11:03:52	6baccc5b-2b49-484e-900e-461cfdfc3827	GET	/SiteSupplyCraft/myprofile	undefined
20240216	11:03:52	a753b587-b6b6-40e0-9a33-92a965dbb20b	GET	/SiteSupplyCraft/payment/stripeApi	undefined
20240216	11:03:53	59fc506b-d304-4256-b956-79fb1283f9a3	GET	/SiteSupplyCraft/myprofile	undefined
20240216	11:03:53	9a182b3e-24d6-4610-bdbe-62ff21bfe531	GET	/SiteSupplyCraft/products?page=1	undefined
20240216	11:03:54	980657e4-562d-4759-aa84-94cbb6da379d	GET	/uploads/products/1708061393502-drillingMachine2.jpeg	undefined
20240216	11:03:54	678c51f2-ea43-4b4f-b443-c567e5f396c9	GET	/uploads/products/1708061452052-sand.jpeg	undefined
20240216	11:04:36	70381393-fd45-40e7-ab12-3ba5592a0d3f	GET	/SiteSupplyCraft/myprofile	undefined
20240216	11:04:36	6ed90951-7525-4494-bb16-fab638009cfc	GET	/SiteSupplyCraft/payment/stripeApi	undefined
20240216	11:04:36	053aa73c-8f95-4b65-9a53-8cb54c331639	GET	/SiteSupplyCraft/myprofile	undefined
20240216	11:04:37	a6f5ee7f-96cd-4e73-ac96-bfb8daed6ff1	GET	/SiteSupplyCraft/products?page=1	undefined
20240216	11:04:37	4e853b83-c854-4331-8a03-36bdca30693a	GET	/uploads/products/1708061393502-drillingMachine2.jpeg	undefined
20240216	11:04:37	74a0f08a-763d-4599-aa4f-dead2ef4886a	GET	/uploads/products/1708061452052-sand.jpeg	undefined
20240216	11:05:41	4ccc7a54-7a85-47d8-87c8-d184465a2ff2	GET	/SiteSupplyCraft/myprofile	undefined
20240216	11:05:42	e30912a2-cbff-4e1b-9e1f-dde391dbd6d3	GET	/SiteSupplyCraft/payment/stripeApi	undefined
20240216	11:05:42	a05a0afc-3ff2-4ad4-bd00-817e88882192	GET	/SiteSupplyCraft/myprofile	undefined
20240216	11:05:42	ccd32de4-2987-4756-a572-f0f33acc69a8	GET	/SiteSupplyCraft/products?page=1	undefined
20240216	11:05:43	010d9458-340f-428e-934d-f4511a36b28c	GET	/uploads/products/1708061393502-drillingMachine2.jpeg	undefined
20240216	11:05:43	7de239f5-f55d-4f1e-a808-16666d91da8b	GET	/uploads/products/1708061452052-sand.jpeg	undefined
20240216	11:07:33	69289460-77a3-42e2-8c5e-cd4149774998	GET	/SiteSupplyCraft/myprofile	undefined
20240216	11:07:33	94cacbd6-5bd4-4fda-ad63-200427d092d9	GET	/SiteSupplyCraft/payment/stripeApi	undefined
20240216	11:24:33	9d8cda4a-1b35-40ca-9274-ad3eca6801cd	GET	/SiteSupplyCraft/myprofile	undefined
20240216	11:24:33	fae0a684-7f0c-430e-b540-e3824e2df9cd	GET	/SiteSupplyCraft/payment/stripeApi	undefined
20240216	11:24:34	b84fb015-e9ab-42c1-ad56-700b218a357b	GET	/SiteSupplyCraft/myprofile	undefined
20240216	11:24:34	20bf52fd-9fad-48f1-8944-3201020cc361	GET	/SiteSupplyCraft/products?page=1	undefined
20240216	11:24:34	edf200d0-a1dd-483c-9ed7-383a053b0b34	GET	/uploads/products/1708062387445-sand.jpeg	undefined
20240216	11:24:48	ed7ce790-a130-40c9-b11d-1428e3c749e2	GET	/uploads/products/1708062387445-sand.jpeg	undefined
20240216	11:24:57	1105f93a-3f84-4f3d-b93e-5e4d273e9cf6	GET	/SiteSupplyCraft/myprofile	undefined
20240216	11:24:57	1fb1836e-a84b-43b7-9fe1-9eee720b1a11	GET	/SiteSupplyCraft/payment/stripeApi	undefined
20240216	11:24:58	3e97468b-858f-4ed5-b827-1c697eed952f	GET	/SiteSupplyCraft/myprofile	undefined
20240216	11:24:58	daca816c-1efe-4aa5-9116-cab7f7980d07	GET	/SiteSupplyCraft/products?page=1	undefined
20240216	11:24:58	b8071599-bdde-4f40-a36b-8a6aa7894fdf	GET	/uploads/products/1708062387445-sand.jpeg	undefined
20240216	11:30:37	451c5631-b9a8-4576-9fdb-dba72d32b53b	GET	/SiteSupplyCraft/myprofile	undefined
20240216	11:30:37	90c01570-85d9-4e8d-8d42-f70f4179b60b	GET	/SiteSupplyCraft/payment/stripeApi	undefined
20240216	11:30:38	069ab43e-70a2-4cd1-aa50-fb54920b0533	GET	/SiteSupplyCraft/myprofile	undefined
20240216	11:30:38	23311c20-c569-4e6d-873a-f4f565b69e9c	GET	/SiteSupplyCraft/products?page=1	undefined
20240216	11:30:39	71524ba3-761d-4058-b93f-278c6425f7ed	GET	/uploads/products/1708062387445-sand.jpeg	undefined
20240216	11:37:44	a5ec4ac1-912f-4dfa-8e4b-8f3405872692	GET	/SiteSupplyCraft/myprofile	undefined
20240216	11:37:44	0b00a908-c1bf-40b7-b9d7-5fc257b761c2	GET	/SiteSupplyCraft/payment/stripeApi	undefined
20240216	11:37:44	aae79f0f-b27b-4534-a2ff-f5602e1de44f	GET	/SiteSupplyCraft/myprofile	undefined
20240216	11:37:45	ba405fe7-4b7a-4858-ac21-99fa3e15f00b	GET	/SiteSupplyCraft/products?page=1	undefined
20240216	11:37:45	81692c67-448c-44c8-80d3-45eb70661fd8	GET	/uploads/products/1708062387445-sand.jpeg	undefined
20240216	11:41:11	b31f6b79-bde2-4c45-a93d-0f803318e913	GET	/SiteSupplyCraft/myprofile	undefined
20240216	11:41:12	81644945-c792-483b-9bdc-62b913574920	GET	/SiteSupplyCraft/payment/stripeApi	undefined
20240216	11:41:12	be20887e-253f-4b99-b83e-f482ef8ddd95	GET	/SiteSupplyCraft/myprofile	undefined
20240216	11:41:12	552edfa1-291b-4c86-9e33-a14d968e1483	GET	/SiteSupplyCraft/products?page=1	undefined
20240216	11:41:13	8ca6f8e3-457a-4ac0-b6f8-188271679998	GET	/uploads/products/1708062387445-sand.jpeg	undefined
20240216	11:41:52	eb73f570-efb0-4331-9938-52de979ca9dc	GET	/SiteSupplyCraft/myprofile	undefined
20240216	11:41:52	290ea4b9-a5dd-4fc7-842a-8192104edc5a	GET	/SiteSupplyCraft/payment/stripeApi	undefined
20240216	11:41:52	5897e85a-96b7-447f-a400-5e822991f690	GET	/SiteSupplyCraft/myprofile	undefined
20240216	11:41:52	3efa9697-597f-42eb-8dfb-29a311b531dd	GET	/SiteSupplyCraft/products?page=1	undefined
20240216	11:41:53	a872b89f-eb57-451f-ae3c-2a04b4b2cca3	GET	/uploads/products/1708062387445-sand.jpeg	undefined
20240216	11:42:40	e5489b86-91f9-4e50-89e9-e8886a0b8a7e	GET	/SiteSupplyCraft/myprofile	undefined
20240216	11:42:40	a976d69a-20a7-4365-a637-4945ee6ccd72	GET	/SiteSupplyCraft/payment/stripeApi	undefined
20240216	11:42:41	62157f3f-88ec-47b5-a452-d14cbfe006c7	GET	/SiteSupplyCraft/myprofile	undefined
20240216	11:42:41	fd41b9f6-1f96-4bce-916c-6d54fa4c2e08	GET	/SiteSupplyCraft/products?page=1	undefined
20240216	11:42:41	00e86faf-87a3-429b-b2c9-a9cf6572fb6d	GET	/uploads/products/1708062387445-sand.jpeg	undefined
20240216	11:57:59	22f83209-e02c-4006-9482-96a9b62b4933	GET	/SiteSupplyCraft/myprofile	undefined
20240216	11:57:59	b3b0b2c4-24f9-45e1-9b04-8e703bb8481c	GET	/SiteSupplyCraft/payment/stripeApi	undefined
20240216	11:58:00	889c4605-d916-4d2e-8999-006801a8b0ba	GET	/SiteSupplyCraft/myprofile	undefined
20240216	11:58:00	4b15af7f-2966-40ef-9073-62526d3ca82c	GET	/SiteSupplyCraft/products?page=1	undefined
20240216	11:58:01	094aa700-9c72-4759-bd7a-5243d33e4a38	GET	/uploads/products/1708062387445-sand.jpeg	undefined
20240216	11:58:01	4156242e-2d8f-49ec-97ff-2101fb219f11	GET	/uploads/products/1708064639897-pipe2.jpeg	undefined
20240216	13:27:45	ccf79fb9-7811-4cee-b303-35afe8541cad	GET	/SiteSupplyCraft/myprofile	undefined
20240216	13:27:45	b8577b19-e610-4d5d-aae7-c6e014b51269	GET	/SiteSupplyCraft/payment/stripeApi	undefined
20240216	13:27:47	217711a8-e2b9-4a8b-bf8e-70c2431b439e	GET	/SiteSupplyCraft/myprofile	undefined
20240216	13:27:47	dde4a895-b1ee-4dd9-bddf-f3696c94b2d0	GET	/SiteSupplyCraft/products?page=1	undefined
20240216	13:27:48	02007204-28a2-499b-803f-e303d0479546	GET	/uploads/products/1708062387445-sand.jpeg	undefined
20240216	13:27:48	46b30e6b-ee65-4cd7-a0e5-6d7ebfebffec	GET	/uploads/products/1708064639897-pipe2.jpeg	undefined
20240216	13:35:01	f16587f2-57e8-4471-a8b2-0f1fa05ddbf7	GET	/SiteSupplyCraft/myprofile	undefined
20240216	13:35:02	48b7c167-03d4-4037-a1ce-7cbef9d5c40c	GET	/SiteSupplyCraft/products?page=1	undefined
20240216	13:35:03	7bdd3e26-654e-4877-86c8-df4a79c83d8e	GET	/uploads/products/1708062387445-sand.jpeg	undefined
20240216	13:35:03	d0502cd2-17d6-484e-bab2-edb0a9f65654	GET	/uploads/products/1708064639897-pipe2.jpeg	undefined
20240216	13:50:05	fe72c1a2-3995-4a42-a4b7-3432474c41cd	GET	/SiteSupplyCraft/myprofile	undefined
20240216	13:50:05	4228366e-6bb1-48d8-9a66-8877ef1723ec	GET	/SiteSupplyCraft/payment/stripeApi	undefined
20240216	13:50:22	cef6d68d-c0cd-47b7-b4e0-f35515ba4256	PUT	/SiteSupplyCraft/myprofile/edit	http://localhost:4500/
20240216	13:51:42	62281f84-6ad3-4312-b298-5eb1d72ae84e	PUT	/SiteSupplyCraft/myprofile/edit	http://localhost:4500/
20240216	13:51:53	56dfd253-2c32-401e-b4b9-83dfd9806d54	GET	/SiteSupplyCraft/myprofile	undefined
20240216	13:51:54	fb8a5bc0-dd72-430f-9f0a-cff82aab63cf	GET	/myprofile/edit	undefined
20240216	13:53:55	8c17c5ba-30e2-489d-96e9-6844f63485af	PUT	/SiteSupplyCraft/myprofile/edit	http://localhost:4500/
20240216	13:56:17	1d9d6dea-4556-4f72-8004-ace9e4d40ee3	PUT	/SiteSupplyCraft/myprofile/edit	http://localhost:4500/
20240216	13:59:29	5c383970-56b7-44e0-8715-8d79efb307a3	GET	/SiteSupplyCraft/myprofile	undefined
20240216	13:59:29	84df1374-673d-4785-b09a-fccfa8c4f33c	GET	/SiteSupplyCraft/payment/stripeApi	undefined
20240216	13:59:29	2347130a-f2d0-4219-8253-68daa5d530dc	GET	/SiteSupplyCraft/myprofile	undefined
20240216	13:59:29	66937060-0464-40c8-976b-9ffb5780156f	GET	/SiteSupplyCraft/products?page=1	undefined
20240216	13:59:30	7acbadc2-23ce-4cdb-a88d-c78434fe2ec7	GET	/uploads/products/1708062387445-sand.jpeg	undefined
20240216	13:59:30	066e83db-da5e-4a03-8858-402d7ea14c39	GET	/uploads/products/1708064639897-pipe2.jpeg	undefined
20240216	13:59:52	58a3b1c6-22ea-4c65-a8b8-55443615c3b2	PUT	/SiteSupplyCraft/myprofile/edit	http://localhost:4500/
20240216	14:02:06	f7576178-719c-4fe7-868a-4b6b42b89800	PUT	/SiteSupplyCraft/myprofile/edit	http://localhost:4500/
20240216	14:06:56	0f59a918-b35d-4fb7-9f33-6d5fb7348b21	GET	/SiteSupplyCraft/myprofile	undefined
20240216	14:06:56	8d692ecf-69e4-40d3-bd49-54b6c26ae9fb	GET	/SiteSupplyCraft/payment/stripeApi	undefined
20240216	14:06:56	651da8e9-639a-45bd-b655-0d22c73e7a53	GET	/SiteSupplyCraft/myprofile	undefined
20240216	14:06:56	f478cf18-4afb-4fa6-b111-70aa772a2c0a	GET	/SiteSupplyCraft/products?page=1	undefined
20240216	14:06:57	91686082-569e-4350-a24d-5ddbf3cab0d5	GET	/uploads/products/1708062387445-sand.jpeg	undefined
20240216	14:06:57	49b0abcc-27f3-4078-a9bd-50c7887b5968	GET	/uploads/products/1708064639897-pipe2.jpeg	undefined
20240216	14:06:58	52b258db-6de0-4cd0-bac7-f1d590cdaf0b	GET	/SiteSupplyCraft/myprofile	undefined
20240216	14:08:29	fadd7744-e9a7-4251-982e-2393b2f63bec	PUT	/SiteSupplyCraft/myprofile/edit	http://localhost:4500/
20240216	14:11:32	589b4f4d-d760-46f4-a5fa-1e37bc3ee2bf	PUT	/SiteSupplyCraft/myprofile/edit	http://localhost:4500/
20240216	14:15:59	cb73c74e-44ce-436b-bacd-3bda04bee806	GET	/SiteSupplyCraft/myprofile	undefined
20240216	14:18:09	61bdd70d-e8bc-48c5-87cf-718b6f65ec9b	PUT	/SiteSupplyCraft/myprofile/edit	http://localhost:4500/
20240216	14:19:14	8b811305-6bf6-454a-a72a-2607d7603090	PUT	/SiteSupplyCraft/myprofile/edit	http://localhost:4500/
20240216	14:22:58	d7e4a2d9-efaf-4b41-9630-88363a252f6f	PUT	/SiteSupplyCraft/myprofile/edit	http://localhost:4500/
20240216	14:28:11	953f9c91-6e24-46f7-b84b-fe2dd21a0f5a	PUT	/SiteSupplyCraft/myprofile/edit	http://localhost:4500/
20240216	14:32:49	1b1ba5ef-b18d-41e6-a66e-4e84b9c00fe0	PUT	/SiteSupplyCraft/myprofile/edit	http://localhost:4500/
20240216	14:34:13	999594ac-1b1c-4665-96ee-a2e94667dc95	PUT	/SiteSupplyCraft/myprofile/edit	http://localhost:4500/
20240216	14:36:06	0d466480-8234-4702-a6a2-19b240bd1b16	PUT	/SiteSupplyCraft/myprofile/edit	http://localhost:4500/
20240216	14:36:42	68648e58-a4b5-4318-a16b-8b769107df6a	GET	/SiteSupplyCraft/myprofile	undefined
20240216	14:36:42	24ee18f5-1da0-432a-81ee-c00cacd6ca11	GET	/SiteSupplyCraft/payment/stripeApi	undefined
20240216	14:36:42	7e5f2838-4f9e-42db-8b20-33bfb94b29c8	GET	/SiteSupplyCraft/myprofile	undefined
20240216	14:36:43	6e389306-fd2a-49ec-bcf4-ebdfe85efb39	GET	/SiteSupplyCraft/products?page=1	undefined
20240216	14:36:44	de0bf1f1-26a7-4626-a4e1-5701352c544c	GET	/uploads/products/1708064639897-pipe2.jpeg	undefined
20240216	14:36:44	744c3aa9-db2a-4110-9335-e6a747f7aae0	GET	/uploads/products/1708062387445-sand.jpeg	undefined
20240216	14:36:55	88d6c1d9-2872-437f-91f4-679bdcbeae3d	PUT	/SiteSupplyCraft/myprofile/edit	http://localhost:4500/
20240216	14:40:30	7dc94897-5295-4cef-83ce-0f0e6b34492a	PUT	/SiteSupplyCraft/myprofile/edit	http://localhost:4500/
20240216	14:41:51	0a56b798-436c-4fde-9365-c6cd4e3983e2	PUT	/SiteSupplyCraft/myprofile/edit	http://localhost:4500/
20240216	14:44:33	828af1a5-3d5c-40fe-9436-45cf1df5d8e8	PUT	/SiteSupplyCraft/myprofile/edit	http://localhost:4500/
20240216	14:45:27	7e094faf-6904-4927-8970-3cecf09f1a04	PUT	/SiteSupplyCraft/myprofile/edit	http://localhost:4500/
20240216	14:46:58	d63ac89d-f5e9-4db2-b7c5-1e1fb3e179ca	GET	/SiteSupplyCraft/myprofile	undefined
20240216	14:46:58	23c71a91-dfe9-4ab2-ac03-bc6d5b888cca	GET	/SiteSupplyCraft/payment/stripeApi	undefined
20240216	14:48:45	36365207-4884-4af8-8a7a-1d679d9d2dff	PUT	/SiteSupplyCraft/myprofile/edit	http://localhost:4500/
20240216	14:49:24	ac224c5e-094d-4373-a551-7922309c30ac	PUT	/SiteSupplyCraft/myprofile/edit	http://localhost:4500/
20240216	15:05:57	38df7a1e-3ed1-4d76-9904-8456a8629ee1	PUT	/SiteSupplyCraft/myprofile/edit	http://localhost:4500/
20240216	15:06:48	20c3be5c-dd9b-4d6b-a290-cb8f53fad08a	GET	/uploads/products/1708062387445-sand.jpeg	undefined
20240216	15:06:48	b0e60a65-affc-49e2-85d5-2ef5ee0598b4	GET	/uploads/products/1708064639897-pipe2.jpeg	undefined
20240216	15:06:49	87725297-0b20-4788-80fd-6c0c2e2db5e1	GET	/SiteSupplyCraft/logout	undefined
20240216	15:06:49	168ad909-4a37-4773-9822-59782d0e5d7a	GET	/SiteSupplyCraft/products?page=1	undefined
20240216	15:06:49	2d430d81-7736-43dc-8b64-1881ff316350	GET	/uploads/products/1708062387445-sand.jpeg	undefined
20240216	15:06:49	2b8c744f-9d0f-4f07-91de-f6915594bebe	GET	/uploads/products/1708064639897-pipe2.jpeg	undefined
20240216	15:07:04	299ad35d-95b1-4f06-b60c-75bdaadf6170	POST	/SiteSupplyCraft/login	http://localhost:4500/
20240216	15:07:05	35dd03e4-2099-4afb-b468-cf70d68fed1d	GET	/uploads/users/1708076069748-product_Owner3.jpeg	undefined
20240216	15:07:05	1518e93e-3ef7-4fbc-bc06-7093f5acf94f	GET	/uploads/products/1708062387445-sand.jpeg	undefined
20240216	15:07:05	52b800b4-481d-4425-b7ca-6b2fb075e05e	GET	/uploads/products/1708064639897-pipe2.jpeg	undefined
20240216	15:07:05	66bf9695-7873-4b99-9755-7f00cf379031	GET	/SiteSupplyCraft/products?page=1	undefined
20240216	15:07:06	0f14048b-eb47-41cd-a6bc-6564d1888a35	GET	/uploads/products/1708062387445-sand.jpeg	undefined
20240216	15:07:06	119d0af4-8f1a-4fd0-a6e5-ade9b61ae84c	GET	/uploads/products/1708064639897-pipe2.jpeg	undefined
20240216	15:07:10	4dc08869-91fd-4755-a94f-678d0e69aab9	GET	/uploads/users/1708076069748-product_Owner3.jpeg	undefined
20240216	15:07:23	d33ecc76-c2c9-4a3b-8791-d1a86cf79e04	GET	/SiteSupplyCraft/myprofile	undefined
20240216	15:07:23	377fc251-8952-41f9-9136-413378dc7edf	GET	/SiteSupplyCraft/payment/stripeApi	undefined
20240216	15:07:24	41d0a44c-65ad-4a98-8ab3-427c8677ec71	GET	/SiteSupplyCraft/myprofile	undefined
20240216	15:07:24	ce5d5f1e-b9c8-4e02-ba12-b53626b7566a	GET	/uploads/users/1708076069748-product_Owner3.jpeg	undefined
20240216	15:07:24	16f4f00b-fdae-4347-8028-9e5742693a04	GET	/SiteSupplyCraft/products?page=1	undefined
20240216	15:07:24	6c0725ce-bf72-4fcd-b522-07c93a17608c	GET	/uploads/products/1708062387445-sand.jpeg	undefined
20240216	15:07:24	88866da7-e573-4a52-83f1-718681b450cd	GET	/uploads/products/1708064639897-pipe2.jpeg	undefined
20240216	15:07:30	72d35dbb-4cb6-4852-b6e8-46d425c278ca	GET	/uploads/users/1708076069748-product_Owner3.jpeg	undefined
20240216	15:11:07	896e1d2a-4b11-4291-8ff7-02a5b564c1f3	GET	/uploads/users/1708076069748-product_Owner3.jpeg	undefined
20240216	15:11:20	900ac8c4-5fa6-4303-a4f1-a1fed827675f	GET	/uploads/users/1708076069748-product_Owner3.jpeg	undefined
20240216	15:12:35	b382f2f1-9db0-4713-8b79-cdeb44933f5a	GET	/uploads/users/1708076069748-product_Owner3.jpeg	undefined
20240216	15:14:49	f2a03966-c893-4870-a4e4-6d8af5952821	GET	/uploads/users/1708076069748-product_Owner3.jpeg	undefined
20240216	15:14:57	8ec22ec1-5b3c-498d-b6f7-622bb8e3dae7	GET	/uploads/users/1708076069748-product_Owner3.jpeg	undefined
20240216	15:15:04	8c673117-433f-4dfc-84b9-97ccc6efba6b	GET	/uploads/users/1708076069748-product_Owner3.jpeg	undefined
20240216	15:15:09	eb419d69-0597-4476-8170-b76b18b813fd	GET	/SiteSupplyCraft/myprofile	undefined
20240216	15:15:09	e0b0045f-7ec0-4f96-be1a-99e3b1e2eece	GET	/SiteSupplyCraft/payment/stripeApi	undefined
20240216	15:15:10	c3645a50-52dd-4613-98e9-79fcde22c08d	GET	/SiteSupplyCraft/myprofile	undefined
20240216	15:15:10	1e02b278-ed7e-4bcf-89c4-cc278966661e	GET	/uploads/users/1708076069748-product_Owner3.jpeg	undefined
20240216	15:15:10	97612261-6829-4838-9a43-a13851be267c	GET	/SiteSupplyCraft/products?page=1	undefined
20240216	15:15:11	051e4639-770f-427a-9435-23c6a63c50d0	GET	/uploads/products/1708064639897-pipe2.jpeg	undefined
20240216	15:15:11	3571e5a0-fbe8-4441-b155-9eb66c015984	GET	/uploads/products/1708062387445-sand.jpeg	undefined
20240216	15:15:13	3b3940a0-8aca-4f30-8837-c8fc67cd32d9	GET	/uploads/users/1708076069748-product_Owner3.jpeg	undefined
20240216	15:16:09	42be0603-929e-4a90-8f04-f018d9ce4938	GET	/uploads/users/1708076069748-product_Owner3.jpeg	undefined
20240216	15:16:13	e51eac05-d15a-44d6-a720-cae78b03a38d	GET	/uploads/users/1708076069748-product_Owner3.jpeg	undefined
20240216	15:16:25	5f22c379-389e-4484-b0a8-3bf5b809433d	GET	/uploads/users/1708076069748-product_Owner3.jpeg	undefined
20240216	15:17:11	6cd2b3ca-f783-488d-8f7f-39bc25ac4af4	GET	/uploads/users/1708076069748-product_Owner3.jpeg	undefined
20240216	15:17:32	8368aff4-6efe-4b61-977c-07bfb9ad9394	GET	/SiteSupplyCraft/myprofile	undefined
20240216	15:17:32	27d73b32-2d2d-48f1-b48f-195afc5d3184	GET	/SiteSupplyCraft/payment/stripeApi	undefined
20240216	15:17:33	221de14f-80fe-48fb-b937-d8f7c826d93d	GET	/SiteSupplyCraft/myprofile	undefined
20240216	15:17:33	52b9c6b4-661d-4232-8266-ae9873ee501e	GET	/uploads/users/1708076069748-product_Owner3.jpeg	undefined
20240216	15:17:33	42b9419c-fb7c-4ff2-bb60-55d8c346a8a3	GET	/SiteSupplyCraft/products?page=1	undefined
20240216	15:17:34	6e03e06f-0372-4f28-a7ac-bc18e53550df	GET	/uploads/products/1708062387445-sand.jpeg	undefined
20240216	15:17:34	c63a0365-2f0f-4966-8dcf-df55aa62e96e	GET	/uploads/products/1708064639897-pipe2.jpeg	undefined
20240216	15:17:37	a0da6117-d5bd-4ce1-9d85-55d3332a092d	GET	/uploads/users/1708076069748-product_Owner3.jpeg	undefined
20240216	15:18:18	b05efd69-83fc-46ea-bb83-2de0552e20bc	GET	/SiteSupplyCraft/myprofile	undefined
20240216	15:18:18	42319394-78dd-4b4c-94e7-1b0979b00f2c	GET	/SiteSupplyCraft/payment/stripeApi	undefined
20240216	15:18:18	544d5a80-1a36-4827-943d-8965da0b6e57	GET	/uploads/users/1708076069748-product_Owner3.jpeg	undefined
20240216	15:18:19	2e4a5d2c-111c-47c9-b6f6-cdbd4620aa77	GET	/uploads/users/1708076069748-product_Owner3.jpeg	undefined
20240216	15:18:39	3ed933a2-5021-45ba-92cb-4abc5ffc759b	GET	/uploads/users/1708076069748-product_Owner3.jpeg	undefined
20240216	15:18:49	001700b8-a99d-4aa6-ad17-994ca31d3c1d	GET	/uploads/users/1708076069748-product_Owner3.jpeg	undefined
20240216	15:19:25	802a258c-17a8-4a31-891c-5a3b39b8c1dc	GET	/uploads/users/1708076069748-product_Owner3.jpeg	undefined
20240216	15:19:57	7c9fc094-1711-48d8-99d3-eb342a9daf0a	GET	/uploads/users/1708076069748-product_Owner3.jpeg	undefined
20240216	15:19:57	1b3de27e-e9a3-454c-9e8c-300c702d260f	GET	/SiteSupplyCraft/myprofile	undefined
20240216	15:19:57	32a0a4b9-73fc-4a58-8032-72159346909c	GET	/SiteSupplyCraft/payment/stripeApi	undefined
20240216	15:19:58	12fc0052-4405-47b6-81ba-4e06000be78f	GET	/uploads/users/1708076069748-product_Owner3.jpeg	undefined
20240216	15:20:05	0e6bc313-5333-4b44-b358-04bb246369c4	PUT	/SiteSupplyCraft/myprofile/edit	http://localhost:4500/
20240216	15:20:37	26ef8993-9d42-42f5-a838-2ce91e525e40	GET	/uploads/users/1708076069748-product_Owner3.jpeg	undefined
20240216	15:20:39	58c6af77-1804-46e6-ad4e-c5873fcd372c	PUT	/SiteSupplyCraft/myprofile/edit	http://localhost:4500/
20240216	15:22:12	b1c036cf-8ce6-493d-9169-198e3c337c4d	GET	/SiteSupplyCraft/myprofile	undefined
20240216	15:22:12	a8493366-f8f8-49f8-bc97-066a52fb7c3c	GET	/SiteSupplyCraft/payment/stripeApi	undefined
20240216	15:22:12	9fddf98c-43ca-4db3-9e83-ced71bcb8b36	GET	/uploads/users/1708076069748-product_Owner3.jpeg	undefined
20240216	15:22:13	08a16832-9556-4ec4-8175-1e21e8785cf4	GET	/SiteSupplyCraft/myprofile	undefined
20240216	15:22:13	88f15eb1-36ce-435c-802b-936332878765	GET	/SiteSupplyCraft/products?page=1	undefined
20240216	15:22:13	26119828-de80-4b56-8b77-fe64e518f30c	GET	/uploads/products/1708062387445-sand.jpeg	undefined
20240216	15:22:13	ac455adb-0d41-4d03-9665-a12b78885286	GET	/uploads/products/1708064639897-pipe2.jpeg	undefined
20240216	15:22:16	a34900b8-e5fe-43b4-bebd-cd117c33ea08	GET	/uploads/users/1708076069748-product_Owner3.jpeg	undefined
20240216	15:22:18	20f28772-f160-47c8-8426-947bbac1f72a	GET	/uploads/users/1708076069748-product_Owner3.jpeg	undefined
20240216	15:22:25	0821e4eb-9e40-4a31-a334-8a6a54d1dc72	PUT	/SiteSupplyCraft/myprofile/edit	http://localhost:4500/
20240216	15:23:00	eca70329-725d-47e6-823e-69926aad7981	GET	/favicon.ico	undefined
20240216	15:23:15	e764fca6-ad18-4cc1-9369-3c9d5548071e	GET	/SiteSupplyCraft/myprofile	undefined
20240216	15:23:15	89a6b810-3bf2-49ff-9eca-f730b24bff71	GET	/SiteSupplyCraft/payment/stripeApi	undefined
20240216	15:23:15	f2d91faf-dc8a-437d-9b3c-f8d8851c59f3	GET	/SiteSupplyCraft/myprofile	undefined
20240216	15:23:15	255465e5-0a29-4a9d-b07e-db4a840a34bf	GET	/SiteSupplyCraft/products?page=1	undefined
20240216	15:23:16	a38beb0e-8d1e-4e32-bc14-fbbc353d68ae	GET	/uploads/products/1708062387445-sand.jpeg	undefined
20240216	15:23:16	47a75bce-5fb3-4874-ae46-dcab6c733d3d	GET	/uploads/products/1708064639897-pipe2.jpeg	undefined
20240216	15:23:29	ed63b10d-37f8-465a-8d35-77bf1764a547	PUT	/SiteSupplyCraft/myprofile/edit	http://localhost:4500/
20240216	15:23:43	c60449b4-bdaa-46d8-940d-5da300a69dbc	PUT	/SiteSupplyCraft/myprofile/edit	http://localhost:4500/
20240216	15:26:52	156cae1c-3ce1-4ac7-a9df-cb50c0dd80dc	PUT	/SiteSupplyCraft/myprofile/edit	http://localhost:4500/
20240216	15:28:57	5d16886d-1aa7-4534-b573-1ddaf8177c3e	PUT	/SiteSupplyCraft/myprofile/edit	http://localhost:4500/
20240216	15:29:08	82c9e8af-0c76-4d5d-b9ee-2c3e6f41d72c	PUT	/SiteSupplyCraft/myprofile/edit	http://localhost:4500/
20240216	15:29:15	8d97597c-02ab-4a6f-80d3-19e530ba5b00	PUT	/SiteSupplyCraft/myprofile/edit	http://localhost:4500/
20240216	15:29:41	c12677f9-d17f-49fa-94e6-93f17154a1bb	PUT	/SiteSupplyCraft/myprofile/edit	http://localhost:4500/
20240216	15:29:59	be3f017a-247b-4447-a38e-8daafa6745d1	PUT	/SiteSupplyCraft/myprofile/edit	http://localhost:4500/
20240216	15:34:15	8583f4aa-cfc7-432a-b88d-dca6290d0265	PUT	/SiteSupplyCraft/myprofile/edit	http://localhost:4500/
20240216	15:36:23	07f05e18-8157-490c-8799-7df83ea7e124	PUT	/SiteSupplyCraft/myprofile/edit	http://localhost:4500/
20240216	15:37:02	1722f432-c75b-4374-9ec9-31c842145515	PUT	/SiteSupplyCraft/myprofile/edit	http://localhost:4500/
20240216	15:37:04	ed536534-f51b-41e6-ae9d-7da70f615a68	PUT	/SiteSupplyCraft/myprofile/edit	http://localhost:4500/
20240216	15:37:45	9d9fa128-eebf-4425-a020-102fe258f25d	PUT	/SiteSupplyCraft/myprofile/edit	http://localhost:4500/
20240216	15:38:32	e265cd88-ea71-4bfc-b64c-0f8130a250fd	GET	/SiteSupplyCraft/myprofile	undefined
20240216	15:38:32	8d4b3263-eaa5-4d6f-ac38-e7755ec48696	GET	/SiteSupplyCraft/payment/stripeApi	undefined
20240216	15:38:34	d7d3b1d6-bbf7-450a-bc63-61c84fe1b9fc	GET	/SiteSupplyCraft/myprofile	undefined
20240216	15:38:34	216e77e9-a8bb-4517-84d4-5f984756f06c	GET	/uploads/users/1708078098831-product_Owner3.jpeg	undefined
20240216	15:38:34	bff78087-a882-4f45-a2ee-c1aec181f5a5	GET	/SiteSupplyCraft/products?page=1	undefined
20240216	15:38:34	b911c35d-e7ab-4fdc-856e-27efbf08c6cc	GET	/uploads/products/1708062387445-sand.jpeg	undefined
20240216	15:38:34	5c9362ae-0419-4c84-841a-ece95c44203a	GET	/uploads/products/1708064639897-pipe2.jpeg	undefined
20240216	15:38:39	14accf92-e843-4e39-b48a-6e3647c7ed71	GET	/uploads/users/1708078098831-product_Owner3.jpeg	undefined
20240216	15:38:41	b586a191-ef9c-494c-9f99-dbe0a32ee54f	GET	/uploads/users/1708078098831-product_Owner3.jpeg	undefined
20240216	15:38:57	ea182b2f-1c27-48c7-83c3-c433d2af07fe	PUT	/SiteSupplyCraft/myprofile/edit	http://localhost:4500/
20240216	15:45:06	b44d3f47-97df-438f-a849-bd4bf8bfc71c	GET	/SiteSupplyCraft/myprofile	undefined
20240216	15:45:06	54161f8d-f97c-4d72-8a19-9e5eccee5f3a	GET	/SiteSupplyCraft/payment/stripeApi	undefined
20240216	15:45:07	ccd24520-abfa-4c98-8fa8-b7becb1b4861	GET	/SiteSupplyCraft/myprofile	undefined
20240216	15:45:07	c8b88ed8-9055-4998-a74d-d33ce5406038	GET	/uploads/users/1708078200296-product_Owner3.jpeg	undefined
20240216	15:45:07	d1ce23ef-131e-45fc-a9d7-7d37bd6fb592	GET	/SiteSupplyCraft/products?page=1	undefined
20240216	15:45:08	f597f13a-ae94-48f0-9358-2b458f15413a	GET	/uploads/products/1708062387445-sand.jpeg	undefined
20240216	15:45:08	2a76e798-68d3-48c5-b085-c9c5143bd8fb	GET	/uploads/products/1708064639897-pipe2.jpeg	undefined
20240216	15:45:10	5eed9ed5-0435-4c79-b231-38527fef0204	GET	/uploads/users/1708078200296-product_Owner3.jpeg	undefined
20240216	15:45:14	64fca315-509a-4a4e-8ae8-2042296e71ad	GET	/uploads/users/1708078200296-product_Owner3.jpeg	undefined
20240216	15:45:19	a7bfcf4c-0022-4663-90ac-ac7889d75b93	PUT	/SiteSupplyCraft/myprofile/edit	http://localhost:4500/
20240216	15:45:30	11a19119-09eb-465c-9285-76bdf1ffb400	PUT	/SiteSupplyCraft/myprofile/edit	http://localhost:4500/
20240216	15:45:36	fa6fe447-ec4c-497e-af21-e2212ceeb3ef	GET	/uploads/users/1708078200296-product_Owner3.jpeg	undefined
20240216	15:45:39	8a73c084-0e21-4e44-b7a6-2c1070189287	GET	/uploads/users/1708078200296-product_Owner3.jpeg	undefined
20240216	15:45:45	c5cd3068-f34c-4365-995e-cd75e59915d9	PUT	/SiteSupplyCraft/myprofile/edit	http://localhost:4500/
20240216	15:45:47	2bbd92e9-1d20-43e9-a77f-f3351ae09670	GET	/uploads/users/1708078200296-product_Owner3.jpeg	undefined
20240216	15:46:06	af90ac4c-fc54-4424-ab8f-3fca7e057258	GET	/uploads/users/1708078200296-product_Owner3.jpeg	undefined
20240216	15:47:45	99ca31f6-26fb-403b-8fe7-14a326f044be	GET	/uploads/users/1708078200296-product_Owner3.jpeg	undefined
20240219	11:36:32	4f0766e5-9fb6-4349-83f0-19b24139f7c4	GET	/SiteSupplyCraft/products?page=1	undefined
20240219	11:36:32	fa005aa0-4e01-405a-a7a4-29f60e084fbf	GET	/SiteSupplyCraft/myprofile	undefined
20240219	11:36:32	ed0b7647-3049-4857-ba10-9202221f3e0f	GET	/SiteSupplyCraft/payment/stripeApi	undefined
20240219	11:36:33	217177ed-77f6-4d8a-9641-b60cfedf669f	GET	/uploads/products/1708062387445-sand.jpeg	undefined
20240219	11:36:33	0aeea91f-7e39-4a84-8fd3-9b12ee298bd3	GET	/uploads/products/1708064639897-pipe2.jpeg	undefined
20240219	11:36:33	5562ae23-8b8b-4588-92d1-4bed59c3ba96	GET	/uploads/users/1708078200296-product_Owner3.jpeg	undefined
20240219	11:36:56	55bc7c76-1430-41f1-bbdf-25c4728eaa6b	GET	/uploads/users/1708078200296-product_Owner3.jpeg	undefined
20240219	11:36:58	1b47374e-2deb-4891-8b93-25b5a429e3ff	GET	/uploads/users/1708078200296-product_Owner3.jpeg	undefined
20240219	11:37:02	80a43cbe-98b7-4288-bdfc-3993691eb5ed	PUT	/SiteSupplyCraft/myprofile/edit	http://localhost:4500/
20240219	11:37:06	75267a48-166b-4777-a2b9-273daf216632	GET	/SiteSupplyCraft/myprofile	undefined
20240219	11:37:07	1e573dee-4c59-4d77-bcea-e33c8d5acadf	GET	/uploads/users/1708078200296-product_Owner3.jpeg	undefined
20240219	11:38:01	d79bf07d-0f6f-4d67-a967-755e716c3702	PUT	/SiteSupplyCraft/myprofile/edit	http://localhost:4500/
20240219	11:38:32	7f90d419-f557-4a03-92c2-4470c27ec7a7	GET	/SiteSupplyCraft/myprofile	undefined
20240219	11:38:32	771cb218-1458-4261-90d2-75a53c6112c0	GET	/SiteSupplyCraft/payment/stripeApi	undefined
20240219	11:38:32	2792d602-47b3-4348-a33f-a64c94e5419b	GET	/SiteSupplyCraft/myprofile	undefined
20240219	11:38:32	31d0ae35-4768-4889-8cbe-a2ec1479ab28	GET	/uploads/users/1708078200296-product_Owner3.jpeg	undefined
20240219	11:38:33	08576dd5-bdf8-4c07-ab8d-5848a9cfb7d8	GET	/SiteSupplyCraft/products?page=1	undefined
20240219	11:38:33	b97591b7-63b3-4457-99bd-a793cc6af3ec	GET	/uploads/products/1708062387445-sand.jpeg	undefined
20240219	11:38:33	f1f44ebf-8f9a-408d-a607-d072528ac992	GET	/uploads/products/1708064639897-pipe2.jpeg	undefined
20240219	11:38:36	85a95d36-9eec-4559-ad8e-0188f3401fc5	GET	/uploads/users/1708078200296-product_Owner3.jpeg	undefined
20240219	11:38:37	6daf5cd7-337e-4e96-9967-b00972aa2e0c	GET	/uploads/users/1708078200296-product_Owner3.jpeg	undefined
20240219	11:38:52	10c7a39e-293d-487e-90c9-ffb40b93c103	PUT	/SiteSupplyCraft/myprofile/edit	http://localhost:4500/
20240219	11:39:11	04b4070f-fa76-447f-ac66-11ad2af265ee	PUT	/SiteSupplyCraft/myprofile/edit	http://localhost:4500/
20240219	11:39:29	6c79ece1-a72a-4319-ab9c-83d4c2f84ce1	GET	/SiteSupplyCraft/myprofile	undefined
20240219	11:39:29	c31e690c-4670-4129-9395-bfea741d74ca	GET	/uploads/users/1708078200296-product_Owner3.jpeg	undefined
20240219	11:42:11	8d5a1988-6ef0-4aaf-b1ae-9801d705f57a	GET	/SiteSupplyCraft/myprofile	undefined
20240219	11:42:11	479e9878-0dbe-42c6-8696-7ab4edf788ae	GET	/SiteSupplyCraft/payment/stripeApi	undefined
20240219	11:42:11	f9251914-c379-41a0-a3ca-b7633a627e28	GET	/SiteSupplyCraft/myprofile	undefined
20240219	11:42:11	31fcdf6f-db63-492a-bec1-7fe2f6ffec9f	GET	/uploads/users/1708078200296-product_Owner3.jpeg	undefined
20240219	11:42:11	e35a6dea-31df-46ea-91b3-2e908ed4cc32	GET	/SiteSupplyCraft/products?page=1	undefined
20240219	11:42:12	6f492ce4-1f83-4be1-ba0a-c0260a370156	GET	/uploads/products/1708062387445-sand.jpeg	undefined
20240219	11:42:12	6086c78d-cf1e-4420-ae4d-a6fcc81cfc32	GET	/uploads/products/1708064639897-pipe2.jpeg	undefined
20240219	11:42:16	0b1b2234-bf77-43f4-8af5-2c0ea68670e5	GET	/uploads/users/1708078200296-product_Owner3.jpeg	undefined
20240219	11:42:19	caab44b2-a1e6-49b0-9a55-833e36bd656d	GET	/uploads/users/1708078200296-product_Owner3.jpeg	undefined
20240219	11:42:31	38677842-5e97-45ac-bce3-2c3ed914780e	GET	/SiteSupplyCraft/myprofile	undefined
20240219	11:42:31	22485a08-c154-4084-a3fe-c337f6ee7caf	GET	/SiteSupplyCraft/payment/stripeApi	undefined
20240219	11:42:31	fa96599e-c109-4617-81b8-1751f5bf60de	GET	/SiteSupplyCraft/myprofile	undefined
20240219	11:42:31	5c2e909d-f0cb-4199-bca5-11ef903a1d2a	GET	/uploads/users/1708078200296-product_Owner3.jpeg	undefined
20240219	11:42:32	dcae92c0-c988-4dde-b1aa-63272688af68	GET	/SiteSupplyCraft/products?page=1	undefined
20240219	11:42:32	5f1be0a8-6bca-402b-91d6-532f47a146fc	GET	/uploads/products/1708062387445-sand.jpeg	undefined
20240219	11:42:32	7827f583-c012-4785-803f-d657e62b1f29	GET	/uploads/products/1708064639897-pipe2.jpeg	undefined
20240219	11:44:26	538be39e-e687-4496-8a6e-695f4353de79	GET	/uploads/users/1708078200296-product_Owner3.jpeg	undefined
20240219	11:44:27	695d5d74-302d-4808-bc78-62ed23f05395	GET	/uploads/users/1708078200296-product_Owner3.jpeg	undefined
20240219	11:46:19	646f0325-f0a9-4577-aa9f-114f88701063	GET	/uploads/users/1708078200296-product_Owner3.jpeg	undefined
20240219	11:51:24	516bbf74-a4ee-4353-abe3-a5fd348ccb43	GET	/SiteSupplyCraft/myprofile	undefined
20240219	11:51:24	68012d9b-de48-4a55-a9c7-da5a106ff914	GET	/SiteSupplyCraft/payment/stripeApi	undefined
20240219	11:51:24	ac62ea4f-3c79-4aa3-8ee0-4ebc78411102	GET	/SiteSupplyCraft/myprofile	undefined
20240219	11:51:24	cd38fa46-ec66-417d-a1ff-a60329f96184	GET	/uploads/users/1708078200296-product_Owner3.jpeg	undefined
20240219	11:51:25	89a27186-2f05-456d-a6ab-e23a9fc1f8e6	GET	/SiteSupplyCraft/products?page=1	undefined
20240219	11:51:25	0407fe92-80d7-4039-b64d-9b76e38d0097	GET	/uploads/products/1708062387445-sand.jpeg	undefined
20240219	11:51:25	9c72a41c-a05f-4ad7-99ed-10a3537717fa	GET	/uploads/products/1708064639897-pipe2.jpeg	undefined
20240219	11:51:29	b43c2c8c-2fd9-472a-96fd-4fab1644c0a8	GET	/uploads/users/1708078200296-product_Owner3.jpeg	undefined
20240219	11:51:31	efa94d74-dd0b-4795-8211-99ad70dc4b53	GET	/uploads/users/1708078200296-product_Owner3.jpeg	undefined
20240219	11:57:04	78f97a2c-8fcd-4a4c-9600-8a257f3dbb50	GET	/uploads/users/1708078200296-product_Owner3.jpeg	undefined
20240219	11:58:27	ebdc5b19-c57e-454c-a291-69112068e607	GET	/uploads/users/1708078200296-product_Owner3.jpeg	undefined
20240219	11:59:35	fdf03561-b99a-4292-bdb3-129370da10c3	GET	/uploads/users/1708078200296-product_Owner3.jpeg	undefined
20240219	12:01:22	f92358a4-e7c6-4a5d-823b-0f4e45dd6ee9	GET	/SiteSupplyCraft/myprofile	undefined
20240219	12:01:22	a241ae9a-efe6-4f45-9b96-357e22a293ca	GET	/SiteSupplyCraft/payment/stripeApi	undefined
20240219	12:01:23	ad7f3f91-6ba5-493b-8056-1b2da6c1df6b	GET	/uploads/users/1708078200296-product_Owner3.jpeg	undefined
20240219	12:01:23	fa2adb10-30d2-4b2f-9e48-257d705dfa2d	GET	/SiteSupplyCraft/myprofile	undefined
20240219	12:01:23	ceb9eedd-ec63-41b3-8226-6b14e7f7a11f	GET	/SiteSupplyCraft/products?page=1	undefined
20240219	12:01:24	475514ed-1363-4f1f-b287-f467c9aaa6bf	GET	/uploads/products/1708062387445-sand.jpeg	undefined
20240219	12:01:24	3cf01fc5-0f1c-4062-b3ac-034c16820632	GET	/uploads/products/1708064639897-pipe2.jpeg	undefined
20240219	12:01:26	47d61a3f-f0d0-469d-8cf7-5cda8bd2580f	GET	/uploads/users/1708078200296-product_Owner3.jpeg	undefined
20240219	12:01:28	ca5262e8-3910-4c07-ad4e-df9c90ee8849	GET	/uploads/users/1708078200296-product_Owner3.jpeg	undefined
20240219	12:05:11	4a8557b1-c608-419b-8cba-49fca0129161	GET	/uploads/users/1708078200296-product_Owner3.jpeg	undefined
20240219	12:05:15	9e2f22e3-733d-47f5-8c46-aa0d647138a2	GET	/SiteSupplyCraft/myprofile	undefined
20240219	12:05:15	0aaa0a83-58c3-43a4-8d58-1c4c6a9a96f7	GET	/SiteSupplyCraft/payment/stripeApi	undefined
20240219	12:05:15	2952a6dc-13c3-456b-a072-05a6ce990815	GET	/uploads/users/1708078200296-product_Owner3.jpeg	undefined
20240219	12:05:16	77c00999-f9b7-4483-a714-fa5198b25608	GET	/SiteSupplyCraft/myprofile	undefined
20240219	12:05:16	07db8378-f6e9-4576-8b61-38bacb3c4128	GET	/SiteSupplyCraft/products?page=1	undefined
20240219	12:05:16	c5890929-4c89-430c-ad37-22b187d9373e	GET	/uploads/products/1708062387445-sand.jpeg	undefined
20240219	12:05:16	a03c14cc-ee0d-4287-ace1-d446c9550633	GET	/uploads/products/1708064639897-pipe2.jpeg	undefined
20240219	12:05:19	8cae240c-a4e8-4fe9-98c9-33fcae3e9234	GET	/uploads/users/1708078200296-product_Owner3.jpeg	undefined
20240219	12:05:21	5814ba67-5387-49ac-ad75-3ae6f2d30a51	GET	/uploads/users/1708078200296-product_Owner3.jpeg	undefined
20240219	12:06:23	b3193f99-cb24-4cc7-89d5-2d75c51ab16a	GET	/uploads/users/1708078200296-product_Owner3.jpeg	undefined
20240219	12:06:57	44761875-6fea-4db0-8f8a-bd23009cf34b	GET	/uploads/users/1708078200296-product_Owner3.jpeg	undefined
20240219	12:11:08	429aec5b-1619-4f2e-a414-5695b075aa0c	GET	/uploads/users/1708078200296-product_Owner3.jpeg	undefined
20240219	12:12:00	4eee5c4a-c78a-4688-bf77-e1e5b8176ae7	GET	/uploads/users/1708078200296-product_Owner3.jpeg	undefined
20240219	12:27:37	3a665fe4-ee4a-499e-89b5-7de42f883387	GET	/SiteSupplyCraft/myprofile	undefined
20240219	12:27:37	dff01117-cbad-4908-865f-62203185e817	GET	/SiteSupplyCraft/payment/stripeApi	undefined
20240219	12:27:37	f8c57c77-5a16-4a85-a969-b9206390eba9	GET	/SiteSupplyCraft/myprofile	undefined
20240219	12:27:37	255ff49f-f495-42df-8d31-b7d55970f1c4	GET	/uploads/users/1708078200296-product_Owner3.jpeg	undefined
20240219	12:27:37	ea6542f9-ea16-4957-8058-192a1f55ad78	GET	/SiteSupplyCraft/products?page=1	undefined
20240219	12:27:38	ce335810-db2d-477a-ab34-cf7929ba77c1	GET	/uploads/products/1708062387445-sand.jpeg	undefined
20240219	12:27:38	35e3b222-435f-4703-93e2-e2e5fb48594f	GET	/uploads/products/1708064639897-pipe2.jpeg	undefined
20240219	12:27:40	1da14228-fef4-40ad-b990-3ac533d9d8f0	GET	/uploads/users/1708078200296-product_Owner3.jpeg	undefined
20240219	12:27:45	51dcfd03-67ef-4cc8-9e19-6760eac67c53	GET	/uploads/users/1708078200296-product_Owner3.jpeg	undefined
20240219	12:29:39	af78e9d7-72df-4be9-9524-6090e627438f	GET	/SiteSupplyCraft/myprofile	undefined
20240219	12:29:39	ec546b2d-f06a-4a81-af4e-33a0856ee8e6	GET	/SiteSupplyCraft/payment/stripeApi	undefined
20240219	12:29:39	30bc35c9-2db9-4fe6-94fb-5c4d03675e41	GET	/SiteSupplyCraft/myprofile	undefined
20240219	12:29:39	62a9c4e6-2ad0-43fa-9836-f15fe915092b	GET	/uploads/users/1708078200296-product_Owner3.jpeg	undefined
20240219	12:29:39	3fd0780a-e603-4ba0-ba14-68e65d4ef460	GET	/SiteSupplyCraft/products?page=1	undefined
20240219	12:29:40	91c25c81-05d2-47eb-b3f0-9e81bff19557	GET	/uploads/products/1708062387445-sand.jpeg	undefined
20240219	12:29:40	99d816b1-2c0f-4cee-9771-d61dea02b066	GET	/uploads/products/1708064639897-pipe2.jpeg	undefined
20240219	12:29:48	18901efa-baf8-45d5-8ed2-2dc784552825	GET	/SiteSupplyCraft/products?page=1	undefined
20240219	12:29:48	8233501e-d533-44fd-abcb-f6bb0e4808d0	GET	/uploads/products/1708062387445-sand.jpeg	undefined
20240219	12:29:48	981c4264-c7e9-4d65-9e2f-c8cf40376c68	GET	/uploads/products/1708064639897-pipe2.jpeg	undefined
20240219	12:29:49	3145e66b-8de8-43e1-8f64-d4e63cc53524	GET	/uploads/products/1708062387445-sand.jpeg	undefined
20240219	12:29:49	13b2af5f-feb0-4fb0-960e-c9f05266aa1a	GET	/uploads/products/1708064639897-pipe2.jpeg	undefined
20240219	12:29:57	6e97daa1-52b1-411f-bcb7-ea54fbe3634c	GET	/SiteSupplyCraft/myprofile	undefined
20240219	12:29:57	37f48fdf-eeed-4cce-a353-6c0bfab6c0b4	GET	/SiteSupplyCraft/payment/stripeApi	undefined
20240219	12:29:58	bc554d2a-8d62-47af-8be4-62b63aaa4117	GET	/SiteSupplyCraft/myprofile	undefined
20240219	12:29:58	eef71d47-4a22-4e4b-a3c7-16b7ca4d5eaf	GET	/uploads/users/1708078200296-product_Owner3.jpeg	undefined
20240219	12:29:58	13349c3e-3709-439f-afd4-76ee807a5177	GET	/SiteSupplyCraft/products?page=1	undefined
20240219	12:29:59	96155987-5671-4db6-90a6-884385f2e74d	GET	/uploads/products/1708062387445-sand.jpeg	undefined
20240219	12:29:59	e0e42c43-7048-45de-bb4a-3192142d2c07	GET	/uploads/products/1708064639897-pipe2.jpeg	undefined
20240219	12:30:01	171e5940-1662-4afe-a3d7-9b53848ea829	GET	/uploads/users/1708078200296-product_Owner3.jpeg	undefined
20240219	12:30:03	30bd1c33-fa27-4336-a8f3-794473aefc85	GET	/uploads/users/1708078200296-product_Owner3.jpeg	undefined
20240219	12:30:06	6d84087c-3b27-414c-8ef5-183d82ef94c3	PUT	/SiteSupplyCraft/myprofile/edit	http://localhost:4500/
20240219	12:30:07	1865bc9e-0961-48c7-84ed-cd9c6f711719	GET	/uploads/users/1708078200296-product_Owner3.jpeg	undefined
20240219	12:30:11	1573072e-6a75-446b-938a-9e44f5723c33	PUT	/SiteSupplyCraft/myprofile/edit	http://localhost:4500/
20240219	12:30:11	549993f8-b33c-4048-b0f5-ad2fe60d4534	GET	/uploads/users/1708078200296-product_Owner3.jpeg	undefined
20240219	12:32:04	cc938eed-da61-4e54-9771-6e731c26dc09	PUT	/SiteSupplyCraft/myprofile/edit	http://localhost:4500/
20240219	12:32:05	a16e4a05-2809-4af9-b11e-0602f0b705bc	GET	/uploads/users/1708078200296-product_Owner3.jpeg	undefined
20240219	12:35:36	14668eb7-9916-4975-8452-384ed029ac08	GET	/SiteSupplyCraft/myprofile	undefined
20240219	12:35:36	b1e8c57f-89fd-47c5-a78d-1b589808e35d	GET	/uploads/users/1708078200296-product_Owner3.jpeg	undefined
20240219	12:35:51	a76f5364-fd3c-4041-a849-328f4a284890	GET	/SiteSupplyCraft/myprofile	undefined
20240219	12:35:51	a24bb98e-73b3-4dbf-81ad-fb35e5d877be	GET	/uploads/users/1708078200296-product_Owner3.jpeg	undefined
20240219	12:37:38	5defab29-6edb-4c7d-88bb-7f9ca2d19d43	GET	/SiteSupplyCraft/myprofile	undefined
20240219	12:37:38	1d780a78-b495-4ee5-b56c-4f398d3318b3	GET	/SiteSupplyCraft/payment/stripeApi	undefined
20240219	12:37:38	d61e8cbc-3698-459c-a7ca-a84e6afc78d8	GET	/uploads/users/1708078200296-product_Owner3.jpeg	undefined
20240219	12:37:38	5254f503-57d7-4a05-8a2c-45c37b8f61c4	GET	/SiteSupplyCraft/myprofile	undefined
20240219	12:37:39	999c4fb4-1038-4209-ab57-fee923a892ba	GET	/SiteSupplyCraft/products?page=1	undefined
20240219	12:37:39	9a3f6b18-e513-4ea0-b99c-eadd9f6fdec3	GET	/uploads/products/1708062387445-sand.jpeg	undefined
20240219	12:37:39	b4704a36-00f1-46ee-85c5-69128328d509	GET	/uploads/products/1708064639897-pipe2.jpeg	undefined
20240219	12:37:43	467bda78-84c8-46a4-b1b6-a7945620126f	GET	/uploads/users/1708078200296-product_Owner3.jpeg	undefined
20240219	12:37:45	701f74b5-1b2d-4c63-962f-5c025eebd4e3	GET	/uploads/users/1708078200296-product_Owner3.jpeg	undefined
20240219	12:38:46	4152d673-f827-4f05-8104-d6010142f263	GET	/SiteSupplyCraft/myprofile	undefined
20240219	12:38:46	5a1cff05-cd31-4781-a569-5b2c501aa063	GET	/SiteSupplyCraft/payment/stripeApi	undefined
20240219	12:38:46	ad015fb4-6ead-4b6d-bd53-5ebb42ee2904	GET	/SiteSupplyCraft/myprofile	undefined
20240219	12:38:46	ea223e4b-dc4f-4e42-82cd-49e39de7160e	GET	/uploads/users/1708078200296-product_Owner3.jpeg	undefined
20240219	12:38:47	79398819-ca17-4d11-9854-bab0aa59e487	GET	/SiteSupplyCraft/products?page=1	undefined
20240219	12:38:47	e4dc3e52-f9a9-4097-9c76-7368aad4fd99	GET	/uploads/products/1708062387445-sand.jpeg	undefined
20240219	12:38:47	b0ec7c72-a9c1-4520-be78-33735359d400	GET	/uploads/products/1708064639897-pipe2.jpeg	undefined
20240219	12:38:50	c4da8584-06e4-402c-9760-3b44aa9dc939	GET	/uploads/users/1708078200296-product_Owner3.jpeg	undefined
20240219	12:38:54	0c682448-dec5-4c36-8375-1e6069e86403	GET	/uploads/users/1708078200296-product_Owner3.jpeg	undefined
20240219	12:39:47	d233d2f8-bfd2-4f56-9500-0b616cc49363	GET	/SiteSupplyCraft/myprofile	undefined
20240219	12:39:47	08cdfb33-0167-4427-8300-78b7f515aa4c	GET	/SiteSupplyCraft/payment/stripeApi	undefined
20240219	12:39:47	ac87ecdf-6c27-45fe-a0e4-4b4cd13434e6	GET	/uploads/users/1708078200296-product_Owner3.jpeg	undefined
20240219	12:39:47	6094cc35-4973-49df-9856-2d38bc9ffe1a	GET	/SiteSupplyCraft/myprofile	undefined
20240219	12:39:47	d9354f3b-fc6a-4981-bf22-f071a3834513	GET	/SiteSupplyCraft/products?page=1	undefined
20240219	12:39:48	5275b005-f8aa-4d4c-a21a-9b2b0a5522ad	GET	/uploads/products/1708062387445-sand.jpeg	undefined
20240219	12:39:48	eeb3d36e-f4fb-465a-a198-be20f4b07aa1	GET	/uploads/products/1708064639897-pipe2.jpeg	undefined
20240219	12:39:50	18eaa023-bce4-4263-bd89-fd8618bd9f01	GET	/uploads/users/1708078200296-product_Owner3.jpeg	undefined
20240219	12:39:52	c05a5a9d-3aa4-4d7a-b655-15d667888120	GET	/uploads/users/1708078200296-product_Owner3.jpeg	undefined
20240219	12:39:54	caae400f-0b7c-47e4-a01e-5657f0f87feb	PUT	/SiteSupplyCraft/myprofile/edit	http://localhost:4500/
20240219	12:39:55	3d17da40-6854-4924-895c-fc5d4a50cda1	GET	/uploads/users/1708078200296-product_Owner3.jpeg	undefined
20240219	12:51:33	1fd70725-a568-4ae9-a9a3-c406150e5dbe	GET	/uploads/users/1708078200296-product_Owner3.jpeg	undefined
20240219	12:51:36	df945d43-6c4d-4f1d-8e24-a9fc3e605cd7	GET	/SiteSupplyCraft/myprofile	undefined
20240219	12:51:36	c122b54e-4040-45b0-a1d6-f18254803f15	GET	/SiteSupplyCraft/payment/stripeApi	undefined
20240219	12:51:37	79f4ae77-f82a-44a9-bb79-cd39877df7b6	GET	/SiteSupplyCraft/myprofile	undefined
20240219	12:51:37	6a7b32cd-0710-46f9-90ad-206f4003ac22	GET	/uploads/users/1708078200296-product_Owner3.jpeg	undefined
20240219	12:51:37	ddbcf99e-5987-423d-be14-a82153b8c2eb	GET	/SiteSupplyCraft/products?page=1	undefined
20240219	12:51:38	398e31d8-ce8f-4e21-89c4-73794d54a1a8	GET	/uploads/products/1708062387445-sand.jpeg	undefined
20240219	12:51:38	0e121e3e-ce6c-48cd-ad9b-21854c896891	GET	/uploads/products/1708064639897-pipe2.jpeg	undefined
20240219	12:51:41	c535cf2d-d4b3-4673-a31f-37ee1853c1f2	GET	/uploads/users/1708078200296-product_Owner3.jpeg	undefined
20240219	12:51:43	e213a65f-0770-4633-80ed-b59e2b9fdb9f	GET	/uploads/users/1708078200296-product_Owner3.jpeg	undefined
20240219	12:51:46	29d94d1a-4dae-49e1-8a0f-eaa99ad7925c	PUT	/SiteSupplyCraft/myprofile/edit	http://localhost:4500/
20240219	12:51:47	9b6b3c0d-8641-47ff-8fb8-656e43cb057f	GET	/uploads/users/1708078200296-product_Owner3.jpeg	undefined
20240219	12:53:08	cf5c520e-a2e5-410d-8580-5592a66badba	GET	/SiteSupplyCraft/myprofile	undefined
20240219	12:53:09	c8708f45-6568-4456-b6f3-1ee1bc5a3600	GET	/uploads/users/1708078200296-product_Owner3.jpeg	undefined
20240219	12:53:52	6ea75223-132b-4dad-b660-30cb05012753	GET	/SiteSupplyCraft/myprofile	undefined
20240219	12:53:52	5c62fa27-fd7c-4c2e-ac12-c361b492f774	GET	/uploads/users/1708078200296-product_Owner3.jpeg	undefined
20240219	13:00:51	216ff570-b756-42f7-a1d0-db8d71c5f6f3	PUT	/SiteSupplyCraft/password/reset/[object%20FormData]	http://localhost:4500/
20240219	13:00:51	c19a9f67-511f-46ee-a473-765cf72b8692	GET	/SiteSupplyCraft/myprofile	undefined
20240219	13:00:52	45ee00fc-699f-4648-83cc-f40e14611ff1	GET	/uploads/users/1708078200296-product_Owner3.jpeg	undefined
20240219	13:00:52	d357b1b3-365e-4563-98fd-5bc646d1dfff	GET	/uploads/products/1708062387445-sand.jpeg	undefined
20240219	13:00:52	2d6f072c-e07e-4d28-8db2-7c598020b8b2	GET	/uploads/products/1708064639897-pipe2.jpeg	undefined
20240219	13:00:52	d56ce51f-0f9c-4629-a417-b37cbb7b51d7	GET	/SiteSupplyCraft/products?page=1	undefined
20240219	13:00:52	08c30bb6-41bc-43a1-a729-b05681a972fe	GET	/uploads/products/1708062387445-sand.jpeg	undefined
20240219	13:00:52	995f5b70-4ee3-459c-b22f-1cdec2ec6300	GET	/uploads/products/1708064639897-pipe2.jpeg	undefined
20240219	13:01:52	8e39e4ff-443c-48df-9d22-3100ea7e460f	GET	/uploads/users/1708078200296-product_Owner3.jpeg	undefined
20240219	13:01:54	97b089ac-73ef-4964-b7a1-31aa16303317	GET	/uploads/users/1708078200296-product_Owner3.jpeg	undefined
20240219	13:02:32	ee02d616-29f4-4b73-8140-647b3a6016c3	GET	/SiteSupplyCraft/myprofile	undefined
20240219	13:02:32	487b52be-162d-4bef-9634-200382343e87	GET	/SiteSupplyCraft/payment/stripeApi	undefined
20240219	13:02:32	1b3769de-97ad-4da2-885a-045c2d829738	GET	/uploads/users/1708078200296-product_Owner3.jpeg	undefined
20240219	13:02:47	1ad23d29-ff8c-448b-b41c-25c825b1080b	PUT	/SiteSupplyCraft/myprofile/edit	http://localhost:4500/
20240219	13:03:29	6bb6110a-b6b1-4dfd-9bef-6a0885bdca8f	GET	/SiteSupplyCraft/myprofile	undefined
20240219	13:03:29	31bf97cc-939d-4fec-a346-ddc389ac12e2	GET	/SiteSupplyCraft/payment/stripeApi	undefined
20240219	13:03:29	8dbfc392-6730-4638-9782-ee52579462a8	GET	/SiteSupplyCraft/myprofile	undefined
20240219	13:03:29	a44d62fc-e1af-40ec-a646-289a5a45fad8	GET	/uploads/users/1708078200296-product_Owner3.jpeg	undefined
20240219	13:03:30	ad02a15e-3638-4590-a721-06f9c8e0cd74	GET	/SiteSupplyCraft/products?page=1	undefined
20240219	13:03:30	43bcb664-1904-407f-b7c1-cab8017cc396	GET	/uploads/products/1708062387445-sand.jpeg	undefined
20240219	13:03:30	baef5faa-967f-4516-941f-e4fa3c13ca27	GET	/uploads/products/1708064639897-pipe2.jpeg	undefined
20240219	13:03:33	aa392c5c-2dd8-4c40-a8d1-c7cdef5206d4	GET	/uploads/users/1708078200296-product_Owner3.jpeg	undefined
20240219	13:03:36	48e45261-6dd2-471a-a4c6-b795e9bf93fd	GET	/uploads/users/1708078200296-product_Owner3.jpeg	undefined
20240219	13:03:54	1d3bc586-934a-47d6-be5f-b3062f44eb40	PUT	/SiteSupplyCraft/myprofile/edit	http://localhost:4500/
20240219	13:06:26	86640a36-443a-4389-8b15-d97a065475e7	GET	/SiteSupplyCraft/myprofile	undefined
20240219	13:06:26	15de7ca8-7946-47f1-8434-c6342864b905	GET	/SiteSupplyCraft/payment/stripeApi	undefined
20240219	13:06:27	fb906531-3a9b-44f8-a5ce-8f209ba8d488	GET	/SiteSupplyCraft/myprofile	undefined
20240219	13:06:27	ac5b8a10-4360-4006-aa33-8cfa5e1d16e9	GET	/uploads/users/1708078200296-product_Owner3.jpeg	undefined
20240219	13:06:27	c64c5110-a608-4df5-b268-c634e91b3468	GET	/SiteSupplyCraft/products?page=1	undefined
20240219	13:06:28	ccf80ab4-2115-456a-9de0-ef2c64bd239c	GET	/uploads/products/1708062387445-sand.jpeg	undefined
20240219	13:06:28	d9988cff-dec5-4c76-a1e0-8ed92c4e59ab	GET	/uploads/products/1708064639897-pipe2.jpeg	undefined
20240219	13:07:59	76533e7c-114d-4724-81d5-a40d8a6e3d1a	GET	/SiteSupplyCraft/myprofile	undefined
20240219	13:07:59	41bbec9a-5971-4476-8b7d-e0be9d52c3ca	GET	/SiteSupplyCraft/payment/stripeApi	undefined
20240219	13:08:00	b703ace7-97e7-459f-917b-a6cfee1ae2d3	GET	/uploads/users/1708078200296-product_Owner3.jpeg	undefined
20240219	13:08:03	f78bd216-820c-457d-ac6e-a6b0cbfe0549	GET	/uploads/users/1708078200296-product_Owner3.jpeg	undefined
20240219	13:08:06	87d3ef34-a5ba-4a86-804a-ba9917c24a57	GET	/uploads/users/1708078200296-product_Owner3.jpeg	undefined
20240219	13:08:17	16ac3a04-2394-4f4b-bc5d-e2cc6bd15b97	PUT	/SiteSupplyCraft/myprofile/edit	http://localhost:4500/
20240219	13:08:17	1e9cdee1-5443-4e23-a9a6-378ca25d984b	GET	/uploads/users/1708078200296-product_Owner3.jpeg	undefined
20240219	13:08:49	032f9b0f-1558-4615-9bdc-c536d6145a4b	PUT	/SiteSupplyCraft/myprofile/edit	http://localhost:4500/
20240219	13:08:50	efeea51c-d98b-4858-b365-400e46ceec7c	GET	/uploads/users/1708078200296-product_Owner3.jpeg	undefined
20240219	13:09:42	05019986-3f3b-4578-afe5-8f7637f0349c	GET	/SiteSupplyCraft/myprofile	undefined
20240219	13:09:43	40b85519-5b3c-4126-88ec-4a9d38395833	GET	/uploads/users/1708078200296-product_Owner3.jpeg	undefined
20240219	13:10:04	8f52daea-3c93-4684-81fe-dbae97b04ebe	GET	/SiteSupplyCraft/myprofile	undefined
20240219	13:10:05	448d3a73-195c-4de2-b095-2de35f62a80f	GET	/uploads/users/1708078200296-product_Owner3.jpeg	undefined
20240219	13:13:52	d9390669-7d26-49d0-a91c-2f23e2e995e4	GET	/uploads/users/1708078200296-product_Owner3.jpeg	undefined
20240219	13:13:52	3c439b18-36ef-4bf3-ac43-12178414724b	GET	/SiteSupplyCraft/myprofile	undefined
20240219	13:13:52	1b7b28ca-6c67-4803-8e3f-c4771520c8f8	GET	/SiteSupplyCraft/payment/stripeApi	undefined
20240219	13:13:53	dae7502e-b4f7-4701-a966-e5d68d072833	GET	/uploads/users/1708078200296-product_Owner3.jpeg	undefined
20240219	13:14:47	001e07ac-1699-423a-9636-9cb7a8aba31f	PUT	/SiteSupplyCraft/myprofile/edit	http://localhost:4500/
20240219	13:14:48	5dfdc8b7-86bf-4a58-ba2a-ac8074bd1c7e	GET	/uploads/users/1708078200296-product_Owner3.jpeg	undefined
20240219	13:16:35	dc128315-ed45-41ac-b4d5-66383e119ade	GET	/uploads/users/1708078200296-product_Owner3.jpeg	undefined
20240219	13:16:43	9e86d488-c104-463c-a77f-5e39a19c4e49	GET	/SiteSupplyCraft/products?page=1	undefined
20240219	13:16:44	bc1ad69b-5d9f-4ce5-89ed-a84efa8fccdb	GET	/uploads/products/1708062387445-sand.jpeg	undefined
20240219	13:16:44	5d0f72b5-b800-43e5-bcc1-0a75a7fc039b	GET	/uploads/products/1708064639897-pipe2.jpeg	undefined
20240219	13:17:05	eaee1965-1f1f-4ceb-bf00-2910fa9dd26b	GET	/uploads/users/1708078200296-product_Owner3.jpeg	undefined
20240219	13:17:07	6ce91b20-5431-41ff-bbef-7878bb075bfd	GET	/uploads/users/1708078200296-product_Owner3.jpeg	undefined
20240219	13:17:19	9063026d-accf-4943-8f4d-955255dccc0d	PUT	/SiteSupplyCraft/myprofile/edit	http://localhost:4500/
20240219	13:17:20	c9586ab5-9730-42ca-ae45-71775501285b	GET	/uploads/users/1708078200296-product_Owner3.jpeg	undefined
20240219	13:25:09	f7e5de5c-f97b-4593-8ad3-6554a763c677	GET	/SiteSupplyCraft/products?page=1	undefined
20240219	13:25:10	b8bedffd-3a6d-4d2a-93d1-c66b24df7a3c	GET	/uploads/products/1708062387445-sand.jpeg	undefined
20240219	13:25:10	3c92b905-e977-4e9b-a0dd-42c538eed198	GET	/uploads/products/1708064639897-pipe2.jpeg	undefined
20240219	13:25:41	97e10c2d-ea08-4241-8b6a-d3f7548141f8	GET	/uploads/users/1708078200296-product_Owner3.jpeg	undefined
20240219	13:26:05	bf6c87e4-558b-48ba-8030-5b407545839d	GET	/uploads/users/1708078200296-product_Owner3.jpeg	undefined
20240219	13:26:05	b38f5718-97d0-4f1a-9d9f-55481d5de523	GET	/uploads/products/1708062387445-sand.jpeg	undefined
20240219	13:26:05	25f2cbcb-2b88-4f22-854f-b7fac76b533d	GET	/uploads/products/1708064639897-pipe2.jpeg	undefined
20240219	13:26:05	9944f8c4-895f-46c4-a6a9-5fb42a58359c	GET	/SiteSupplyCraft/products?page=1	undefined
20240219	13:26:06	9a2740cc-b806-4da7-86e3-8ff947302848	GET	/uploads/products/1708064639897-pipe2.jpeg	undefined
20240219	13:26:06	7944c9bf-664c-4d5f-bda4-f75cbb0c675e	GET	/uploads/products/1708062387445-sand.jpeg	undefined
20240219	13:26:11	2ea1ed61-2ddc-44a8-9cc3-177bb11348cc	GET	/uploads/users/1708078200296-product_Owner3.jpeg	undefined
20240219	13:26:13	c05079f5-7f25-4a13-a0db-4325101b2413	GET	/uploads/users/1708078200296-product_Owner3.jpeg	undefined
20240219	13:26:13	2e061456-f6a6-490c-aba1-04a6663bdaed	GET	/SiteSupplyCraft/products?page=1	undefined
20240219	13:26:13	d9ba6201-6f75-4eac-b600-b572ea343f10	GET	/uploads/products/1708062387445-sand.jpeg	undefined
20240219	13:26:13	5fc881c5-dcb4-4dc8-bfed-5deb757f1f84	GET	/uploads/products/1708064639897-pipe2.jpeg	undefined
20240219	13:26:14	671653d1-8276-456e-9b84-98a7e6a80483	GET	/uploads/products/1708062387445-sand.jpeg	undefined
20240219	13:26:14	8f30cc07-fdf9-40bf-944f-1890a8e3a527	GET	/uploads/products/1708064639897-pipe2.jpeg	undefined
20240219	13:30:53	41d69697-802a-4411-9635-4ebfe9124b51	GET	/uploads/users/1708078200296-product_Owner3.jpeg	undefined
20240219	13:30:55	b2221047-49ec-4f6f-bb63-56d53a953745	GET	/uploads/users/1708078200296-product_Owner3.jpeg	undefined
20240219	13:31:07	e85c835a-70db-493a-9821-0d8ce24ee6ed	PUT	/SiteSupplyCraft/myprofile/edit	http://localhost:4500/
20240219	13:31:08	13944829-8714-4103-abc7-cc9783f59e9a	GET	/uploads/users/1708078200296-product_Owner3.jpeg	undefined
20240219	13:32:45	8b19b1ea-374b-4c33-be65-d7af4043bcab	GET	/uploads/users/1708078200296-product_Owner3.jpeg	undefined
20240219	13:32:56	32621cfc-6dc2-473f-91c2-f05365b9dfea	PUT	/SiteSupplyCraft/myprofile/edit	http://localhost:4500/
20240219	13:32:56	0ee7d75d-156f-456f-829c-1d8a974070a8	GET	/uploads/users/1708078200296-product_Owner3.jpeg	undefined
20240219	13:36:02	90b82872-76b8-4483-9f5f-8402c3aedb8b	GET	/uploads/users/1708078200296-product_Owner3.jpeg	undefined
20240219	13:36:07	5b00bfb2-da9c-48bf-92dd-f012d195dc5d	GET	/uploads/users/1708078200296-product_Owner3.jpeg	undefined
20240219	13:38:32	3a94494d-03cd-4f2d-aef8-f3a06588f4a5	PUT	/SiteSupplyCraft/myprofile/edit	http://localhost:4500/
20240219	13:38:32	dd494717-3a9d-4bb1-aa41-ba04bfc2efb8	GET	/uploads/users/1708078200296-product_Owner3.jpeg	undefined
20240219	13:38:46	a3bf1972-483f-4cdc-98f7-9d2606525a3f	GET	/SiteSupplyCraft/myprofile	undefined
20240219	13:38:46	59b64160-44cf-4ef4-bb54-927dfc163f83	GET	/uploads/users/1708078200296-product_Owner3.jpeg	undefined
20240219	13:39:54	247c0285-4728-445f-b888-2d9df8aaead1	PUT	/SiteSupplyCraft/myprofile/edit	http://localhost:4500/
20240219	13:39:55	8843aec9-73f9-429e-adc8-e39cf46991ec	GET	/uploads/users/1708078200296-product_Owner3.jpeg	undefined
20240219	13:40:54	9789068e-1efe-4498-9a3a-a546d421a700	GET	/uploads/users/1708078200296-product_Owner3.jpeg	undefined
20240219	13:41:18	6116a21a-a219-42ec-a26d-c0e2f36f3007	GET	/uploads/users/1708078200296-product_Owner3.jpeg	undefined
20240219	13:43:04	c3462b34-0e06-442f-9ee8-bad169ee7cff	PUT	/SiteSupplyCraft/myprofile/edit	http://localhost:4500/
20240219	13:43:05	f09af59c-a8f0-4edf-81e7-c44312a7255e	GET	/uploads/users/1708078200296-product_Owner3.jpeg	undefined
20240219	13:43:45	4ebeeca8-bda9-4438-ab80-e104768be5ba	PUT	/SiteSupplyCraft/myprofile/edit	http://localhost:4500/
20240219	13:43:45	74e117d0-2e45-4c79-bbdf-c6e2a18ae4a8	GET	/uploads/users/1708078200296-product_Owner3.jpeg	undefined
20240219	13:43:54	03ec2ea7-7e4c-4060-936f-143f7b16644e	PUT	/SiteSupplyCraft/myprofile/edit	http://localhost:4500/
20240219	13:43:54	e5ae3b64-7ad9-449a-8ad2-703d27e6a684	GET	/uploads/users/1708078200296-product_Owner3.jpeg	undefined
20240219	13:46:56	86116dc9-c3f6-458b-a396-395fa3cdb2ff	GET	/SiteSupplyCraft/products?page=1	undefined
20240219	13:46:56	9b46518c-b0a0-4a7c-aab3-36773fd98a4e	GET	/uploads/products/1708062387445-sand.jpeg	undefined
20240219	13:46:56	5fa1c569-23e2-483f-b0f1-6cab434f4db8	GET	/uploads/products/1708064639897-pipe2.jpeg	undefined
20240219	13:46:57	ad75c360-ccdc-4459-b863-78069f79a08c	GET	/uploads/products/1708064639897-pipe2.jpeg	undefined
20240219	13:46:57	f699c13a-a6c7-4077-b238-3f371123371b	GET	/uploads/products/1708062387445-sand.jpeg	undefined
20240219	13:47:01	3d080941-1387-421b-913f-c1bb0fef8e91	GET	/SiteSupplyCraft/myprofile	undefined
20240219	13:47:01	c6ef9b52-c7e5-44ad-9012-4681bc8438b0	GET	/uploads/users/1708078200296-product_Owner3.jpeg	undefined
20240219	13:47:03	e7f9c6a6-442d-4bd4-bb6a-60bb0d5f4e11	GET	/uploads/users/1708078200296-product_Owner3.jpeg	undefined
20240219	13:47:04	a8d92594-755b-4203-8a49-08bab9b54c97	GET	/uploads/users/1708078200296-product_Owner3.jpeg	undefined
20240219	13:47:08	b7e60ef3-2971-4ecf-b061-0ce52e71ff4c	PUT	/SiteSupplyCraft/myprofile/edit	http://localhost:4500/
20240219	13:47:09	e851e7d7-1184-45c2-99fb-939a4a793b2b	GET	/uploads/users/1708078200296-product_Owner3.jpeg	undefined
20240219	13:47:09	42af647f-f1bd-4214-8adb-25f171f0c83b	GET	/SiteSupplyCraft/products?page=1	undefined
20240219	13:47:09	b1bd69f9-6c8d-4185-9def-01a44bae6935	GET	/uploads/products/1708062387445-sand.jpeg	undefined
20240219	13:47:09	85faaf00-ae55-4ae0-bab8-bd2f7700daf1	GET	/uploads/products/1708064639897-pipe2.jpeg	undefined
20240219	13:47:09	842c814b-aaed-4a6e-a58b-e3d9f4dc9957	GET	/uploads/products/1708062387445-sand.jpeg	undefined
20240219	13:47:09	29f889bc-8e38-4c29-8bb5-f60814c729a9	GET	/uploads/products/1708064639897-pipe2.jpeg	undefined
20240219	13:47:13	da3d8667-1596-436d-98d5-0a926cb95275	GET	/uploads/users/1708078200296-product_Owner3.jpeg	undefined
20240219	13:47:14	9fb2dc31-d319-41d4-9566-a47e017ba5a0	GET	/uploads/users/1708078200296-product_Owner3.jpeg	undefined
20240219	13:47:14	bbf47231-5205-423f-b76b-07794cfa0294	GET	/SiteSupplyCraft/products?page=1	undefined
20240219	13:47:14	91dfbcef-2934-439a-9ddd-750ba0a9de88	GET	/uploads/products/1708062387445-sand.jpeg	undefined
20240219	13:47:14	479910ad-45f7-4d2f-a6f3-9306a1141e1f	GET	/uploads/products/1708064639897-pipe2.jpeg	undefined
20240219	13:47:15	22988f30-d4a7-4093-b025-aad149760ddd	GET	/uploads/products/1708062387445-sand.jpeg	undefined
20240219	13:47:15	0ce9d0c7-8d9c-4576-81a3-0c066c828e47	GET	/uploads/products/1708064639897-pipe2.jpeg	undefined
20240219	13:47:18	c06c2f67-3c9a-4756-b79b-481987687675	GET	/uploads/users/1708078200296-product_Owner3.jpeg	undefined
20240219	13:47:21	0f5f20dd-6b48-40f7-a880-c5cdf3a59228	GET	/uploads/users/1708078200296-product_Owner3.jpeg	undefined
20240219	13:47:21	e04e8a65-76d8-44a7-990f-5f24bcd20eb8	GET	/SiteSupplyCraft/products?page=1	undefined
20240219	13:47:21	f82a6057-473b-4912-baea-305493d9d571	GET	/uploads/products/1708062387445-sand.jpeg	undefined
20240219	13:47:21	efc18c8b-6b25-4517-b209-242a7f6f4383	GET	/uploads/products/1708064639897-pipe2.jpeg	undefined
20240219	13:47:21	474af87e-4875-4f81-872f-705c0c16f369	GET	/uploads/products/1708062387445-sand.jpeg	undefined
20240219	13:47:21	6f09d490-c717-41f9-a1c7-2144ef206479	GET	/uploads/products/1708064639897-pipe2.jpeg	undefined
20240219	13:47:26	0100b8c1-66d0-49bf-bf4a-9239ca19f726	GET	/uploads/users/1708078200296-product_Owner3.jpeg	undefined
20240219	13:47:28	c7c1931e-8464-492f-b046-1c5e1b6de27f	GET	/uploads/users/1708078200296-product_Owner3.jpeg	undefined
20240219	13:47:28	cc7b2c78-d9dc-43e0-b1dc-447441281a3c	GET	/SiteSupplyCraft/products?page=1	undefined
20240219	13:47:28	8cb26d8f-163a-4216-8079-e03965cee081	GET	/uploads/products/1708062387445-sand.jpeg	undefined
20240219	13:47:28	09012a9c-2e1c-4da6-b08e-bffbd1f07cae	GET	/uploads/products/1708064639897-pipe2.jpeg	undefined
20240219	13:47:29	69b50b5c-abae-419b-858f-6e4aec2d4ddb	GET	/uploads/products/1708062387445-sand.jpeg	undefined
20240219	13:47:29	9982d4da-acf6-4ae9-8701-4003d00047ff	GET	/uploads/products/1708064639897-pipe2.jpeg	undefined
20240219	13:52:15	65afca9d-b708-4f9a-93b5-9eaf396559ca	GET	/uploads/users/1708078200296-product_Owner3.jpeg	undefined
20240219	13:52:25	5ef0cf5f-5df1-4274-9193-c33540ac5596	GET	/uploads/users/1708078200296-product_Owner3.jpeg	undefined
20240219	13:52:25	bd745617-ec5f-490e-b39d-8f86d0d98b65	GET	/uploads/products/1708062387445-sand.jpeg	undefined
20240219	13:52:25	f88eb2e0-34eb-407d-9194-276ac5eb6225	GET	/uploads/products/1708064639897-pipe2.jpeg	undefined
20240219	13:52:25	1caf3cb5-c027-48e2-aec4-d1dc0aca0b61	GET	/SiteSupplyCraft/products?page=1	undefined
20240219	13:52:25	b925c333-7c57-4f0e-9c97-927ff5f805bf	GET	/uploads/products/1708062387445-sand.jpeg	undefined
20240219	13:52:25	021ec952-d1da-48f5-8ea6-0312aa8ce9d1	GET	/uploads/products/1708064639897-pipe2.jpeg	undefined
20240219	13:52:55	152a01bd-c864-4f90-aa31-2e53fbfcb82c	GET	/SiteSupplyCraft/myprofile	undefined
20240219	13:52:55	65803b83-5492-4874-b77b-93738303c190	GET	/uploads/users/1708078200296-product_Owner3.jpeg	undefined
20240219	13:52:58	c6f0ec07-2c17-47ec-a8dc-db0c03aca6f5	GET	/uploads/users/1708078200296-product_Owner3.jpeg	undefined
20240219	13:53:00	9ef96d24-04e4-4afd-9741-988c22abef95	GET	/uploads/users/1708078200296-product_Owner3.jpeg	undefined
20240219	13:53:12	d79b1a21-4a1b-47eb-b219-b3b9828c1716	PUT	/SiteSupplyCraft/myprofile/edit	http://localhost:4500/
20240219	13:53:13	ff20b4b3-947e-4774-b810-6e151459976c	GET	/uploads/users/1708078200296-product_Owner3.jpeg	undefined
20240219	13:53:13	97e12a5c-9c6f-4249-b709-0c66be12ddeb	GET	/SiteSupplyCraft/products?page=1	undefined
20240219	13:53:13	533d88c0-cc54-4b33-b885-18ac668a7afe	GET	/uploads/products/1708062387445-sand.jpeg	undefined
20240219	13:53:13	c30ecd58-b883-475d-8080-0ab63e8c2e67	GET	/uploads/products/1708064639897-pipe2.jpeg	undefined
20240219	13:53:13	34a86852-f236-47aa-a836-dc3ea9b882d0	GET	/uploads/products/1708062387445-sand.jpeg	undefined
20240219	13:53:13	654a21bf-a82a-4cb8-8b72-418b87eb5f1e	GET	/uploads/products/1708064639897-pipe2.jpeg	undefined
20240219	13:53:22	132fb7dd-de48-44cf-931f-66b36801c64c	GET	/uploads/users/1708078200296-product_Owner3.jpeg	undefined
20240219	13:53:24	65d3d7ef-988b-4f20-9be0-1de789c088aa	GET	/uploads/users/1708078200296-product_Owner3.jpeg	undefined
20240219	13:53:24	547beb52-31ed-4219-a812-bd10546735bd	GET	/uploads/products/1708062387445-sand.jpeg	undefined
20240219	13:53:24	f85f0faa-82e6-4b2b-83bb-54974575f5cc	GET	/uploads/products/1708064639897-pipe2.jpeg	undefined
20240219	13:53:24	ca470a06-b939-4ec1-98f3-e829b0f7a7db	GET	/SiteSupplyCraft/products?page=1	undefined
20240219	13:53:25	af0ee443-ce59-4a58-9ecc-1400ac9aa6b1	GET	/uploads/products/1708062387445-sand.jpeg	undefined
20240219	13:53:25	74a2235d-7b9d-41b3-8b48-cdd2da3c9a54	GET	/uploads/products/1708064639897-pipe2.jpeg	undefined
20240219	13:53:36	de0c19c3-3dc6-4404-95ff-539a72f0c5c5	GET	/uploads/users/1708078200296-product_Owner3.jpeg	undefined
20240219	13:53:53	4f737b3f-3bf8-487a-97fa-f67b3d5a9dd7	GET	/uploads/users/1708078200296-product_Owner3.jpeg	undefined
20240219	13:53:53	db5a4def-39d5-46bd-b918-31e6e13653f2	GET	/uploads/products/1708062387445-sand.jpeg	undefined
20240219	13:53:53	ab771ff6-5fc3-4f00-bea9-80530f6b1202	GET	/uploads/products/1708064639897-pipe2.jpeg	undefined
20240219	13:53:53	39c8ffcb-8320-4bae-87e1-000fdd091526	GET	/SiteSupplyCraft/products?page=1	undefined
20240219	13:53:54	c76fc54a-8cbd-4d3d-895a-2729e62966fb	GET	/uploads/products/1708062387445-sand.jpeg	undefined
20240219	13:53:54	6376aae4-569c-4aa5-af77-97337854c25a	GET	/uploads/products/1708064639897-pipe2.jpeg	undefined
20240219	13:54:14	f512d0c6-bc9a-4d97-9cee-0e7bdb0be42d	GET	/SiteSupplyCraft/myprofile	undefined
20240219	13:54:15	9e349ed7-d120-47d8-9154-8f397ca769bb	GET	/uploads/users/1708078200296-product_Owner3.jpeg	undefined
20240219	13:54:20	703fba41-68fb-462b-8e52-bfceb7b978a3	GET	/uploads/users/1708078200296-product_Owner3.jpeg	undefined
20240219	13:54:24	4dc29077-356a-48e7-a4da-bfe5adff609c	GET	/uploads/users/1708078200296-product_Owner3.jpeg	undefined
20240219	13:54:36	f3c64c97-07ff-4511-b854-3560fdc009b8	PUT	/SiteSupplyCraft/myprofile/edit	http://localhost:4500/
20240219	13:54:37	a3b9da66-c6bf-45bf-b0c2-0b455897d2fd	GET	/uploads/users/1708078200296-product_Owner3.jpeg	undefined
20240219	13:54:37	36962ffd-d58e-4fca-80fb-1aaaf62c4776	GET	/SiteSupplyCraft/products?page=1	undefined
20240219	13:54:37	95c836d7-4997-48cd-87dd-22070eac6f69	GET	/uploads/products/1708062387445-sand.jpeg	undefined
20240219	13:54:37	d9967cdc-9887-45a6-abcc-def29c0b55b5	GET	/uploads/products/1708064639897-pipe2.jpeg	undefined
20240219	13:54:37	a5ce36a7-02e6-4b94-bd85-1f577364b1e7	GET	/uploads/products/1708062387445-sand.jpeg	undefined
20240219	13:54:37	4409c3ee-4ad9-4ad9-851a-cf547bdf531b	GET	/uploads/products/1708064639897-pipe2.jpeg	undefined
20240219	13:54:41	feb84c62-e825-4f11-8656-520c16f32f91	GET	/uploads/users/1708078200296-product_Owner3.jpeg	undefined
20240219	13:54:45	131b822f-6ded-46d8-8582-06816520c3ed	GET	/uploads/users/1708078200296-product_Owner3.jpeg	undefined
20240219	13:54:45	69466a4e-e7b5-45db-a940-2a733ff7a7b6	GET	/SiteSupplyCraft/products?page=1	undefined
20240219	13:54:45	cb29c500-b2da-4de0-afc3-8f5af1caa90d	GET	/uploads/products/1708062387445-sand.jpeg	undefined
20240219	13:54:45	c8c9e2fb-ad3e-492f-9698-26e1d0c8810e	GET	/uploads/products/1708064639897-pipe2.jpeg	undefined
20240219	13:54:45	056c1d8c-88c3-4c0e-95ec-bee4ffbeb844	GET	/uploads/products/1708062387445-sand.jpeg	undefined
20240219	13:54:45	ed2d2db7-bc21-465f-b112-fea215bffe02	GET	/uploads/products/1708064639897-pipe2.jpeg	undefined
20240219	13:54:51	5702a52d-fe5b-4471-92eb-15ecf5fe7d6b	GET	/uploads/products/1708062387445-sand.jpeg	undefined
20240219	13:54:51	3abf124d-00d0-49da-ab61-97738aac2a1a	GET	/uploads/products/1708064639897-pipe2.jpeg	undefined
20240219	13:54:51	819388f2-6851-4a58-aa59-8d980d55d923	GET	/uploads/users/1708078200296-product_Owner3.jpeg	undefined
20240219	13:54:51	4980257e-0989-40d7-850b-b6c320312950	GET	/uploads/users/1708078200296-product_Owner3.jpeg	undefined
20240219	13:54:54	e031b731-fd3b-4333-a85b-16ba80acabc5	GET	/uploads/users/1708078200296-product_Owner3.jpeg	undefined
20240219	13:54:59	5abcb75e-d1be-462a-8fbf-0f43d539957c	GET	/uploads/users/1708078200296-product_Owner3.jpeg	undefined
20240219	13:55:23	6ac3a350-9b10-4fc2-88dc-f18cc95245fe	PUT	/SiteSupplyCraft/myprofile/edit	http://localhost:4500/
20240219	13:55:23	28e0d291-1e76-4419-b818-9f24cc19798e	GET	/uploads/users/1708078200296-product_Owner3.jpeg	undefined
20240219	13:56:06	07dab890-a027-4793-889b-142de4880a64	GET	/uploads/users/1708078200296-product_Owner3.jpeg	undefined
20240219	13:56:06	a8d69321-2df2-4ec9-b1d3-503881db0220	GET	/SiteSupplyCraft/products?page=1	undefined
20240219	13:56:06	e887ca7e-f959-44a9-96af-5d9942346c12	GET	/uploads/products/1708062387445-sand.jpeg	undefined
20240219	13:56:06	4e7e8999-34ff-4615-9997-93e87b3be6c4	GET	/uploads/products/1708064639897-pipe2.jpeg	undefined
20240219	13:56:06	9b5a200a-0720-4539-965a-7aeddeefbdb6	GET	/uploads/products/1708062387445-sand.jpeg	undefined
20240219	13:56:06	6e1e4bed-aa75-47b8-86d3-553c45fbc9e1	GET	/uploads/products/1708064639897-pipe2.jpeg	undefined
20240219	13:56:09	0a4d0bc5-e169-41fe-b712-dff8ff00adaf	GET	/uploads/users/1708078200296-product_Owner3.jpeg	undefined
20240219	13:56:11	5569b023-e93f-4dde-b08c-77d33d982341	GET	/uploads/users/1708078200296-product_Owner3.jpeg	undefined
20240219	13:56:11	d70f45d8-897c-4512-b4b6-353c7108c138	GET	/SiteSupplyCraft/products?page=1	undefined
20240219	13:56:11	8526e6d8-f6c4-409d-8da3-efb1e75a42b7	GET	/uploads/products/1708062387445-sand.jpeg	undefined
20240219	13:56:11	82700610-ea93-4beb-9c33-e2472556dcbc	GET	/uploads/products/1708064639897-pipe2.jpeg	undefined
20240219	13:56:12	6dbdb559-429f-4f8e-a5ce-433f3216877c	GET	/uploads/products/1708062387445-sand.jpeg	undefined
20240219	13:56:12	ed54315e-f15b-40a5-9b76-59622a04d63e	GET	/uploads/products/1708064639897-pipe2.jpeg	undefined
20240219	13:56:15	dcbc4891-b214-4e92-b6f2-7d69448281af	GET	/SiteSupplyCraft/products?page=1	undefined
20240219	13:56:15	0001eeff-8663-43cc-873d-4f10479467ff	GET	/SiteSupplyCraft/myprofile	undefined
20240219	13:56:16	4c47c984-770d-4220-b1da-1c69d2ee7e6a	GET	/SiteSupplyCraft/payment/stripeApi	undefined
20240219	13:56:16	e3f04a0d-2c16-460a-8dca-b4d90ce8ee0b	GET	/uploads/users/1708078200296-product_Owner3.jpeg	undefined
20240219	13:56:16	73651912-128d-4e2e-8c2f-430cfe287a47	GET	/uploads/products/1708062387445-sand.jpeg	undefined
20240219	13:56:16	c6da5f06-046d-4986-9679-3bc33b50882a	GET	/uploads/products/1708064639897-pipe2.jpeg	undefined
20240219	13:56:18	cc550686-e2ba-4a5a-a10a-b7c9daa913b0	GET	/uploads/users/1708078200296-product_Owner3.jpeg	undefined
20240219	13:56:21	fa96daa6-995d-44a3-ab02-c2f33d198231	GET	/uploads/users/1708078200296-product_Owner3.jpeg	undefined
20240219	13:56:36	c857066b-5763-4af9-8a17-10c7633d0152	PUT	/SiteSupplyCraft/myprofile/edit	http://localhost:4500/
20240219	13:56:37	db4e3de1-09c1-40c2-a8f7-5cbe5fcbc324	GET	/uploads/users/1708078200296-product_Owner3.jpeg	undefined
20240219	13:56:37	df111f09-e1e3-4876-88ca-efe38d565494	GET	/SiteSupplyCraft/products?page=1	undefined
20240219	13:56:37	5d6315c1-27fb-4bab-b316-fd2c45c55b97	GET	/uploads/products/1708062387445-sand.jpeg	undefined
20240219	13:56:37	85b79c54-35bb-4987-91b4-9fd31a0727ea	GET	/uploads/products/1708064639897-pipe2.jpeg	undefined
20240219	13:56:37	84b31ef5-3df3-45d6-9295-4b12ed1e3fd5	GET	/uploads/products/1708062387445-sand.jpeg	undefined
20240219	13:56:37	7faf3897-10b1-45f2-a8c9-0f24f218c30a	GET	/uploads/products/1708064639897-pipe2.jpeg	undefined
20240219	14:03:10	d8f4ed4c-aa36-46f7-9e68-a90afbfe0c2d	GET	/uploads/users/1708078200296-product_Owner3.jpeg	undefined
20240219	14:03:12	9271ac5a-e188-44bf-9ae4-f8622dec066e	GET	/uploads/users/1708078200296-product_Owner3.jpeg	undefined
20240219	14:03:12	5cd0eeaf-8177-4f90-9ba6-6b7466a2f8ca	GET	/uploads/products/1708062387445-sand.jpeg	undefined
20240219	14:03:12	3ee47b2d-e9c8-49ca-af7c-21ab8e079369	GET	/uploads/products/1708064639897-pipe2.jpeg	undefined
20240219	14:03:12	28e65e9e-76ac-4ef7-a2b6-28d4ee8b983f	GET	/SiteSupplyCraft/products?page=1	undefined
20240219	14:03:13	6f626550-250d-43c4-b782-9e99c5a22b96	GET	/uploads/products/1708064639897-pipe2.jpeg	undefined
20240219	14:03:13	705d01d1-9d17-43b7-8778-6f43a701ce9e	GET	/uploads/products/1708062387445-sand.jpeg	undefined
20240219	14:03:15	2401c070-8571-4c1b-b015-f279758545dd	GET	/uploads/users/1708078200296-product_Owner3.jpeg	undefined
20240219	14:03:16	10a91978-6021-4816-8df4-fa0f329d04de	GET	/uploads/users/1708078200296-product_Owner3.jpeg	undefined
20240219	14:03:17	dc0ca388-0d4d-4b13-942b-26dc8053ec9c	GET	/SiteSupplyCraft/products?page=1	undefined
20240219	14:03:17	cbf015e2-42c7-4443-996f-44cd5557b4dd	GET	/uploads/products/1708062387445-sand.jpeg	undefined
20240219	14:03:17	8ef5c5c0-6823-429f-8792-d517c636d36a	GET	/uploads/products/1708064639897-pipe2.jpeg	undefined
20240219	14:03:17	d79a032c-aed8-465a-89d3-eea4579fa0af	GET	/uploads/products/1708062387445-sand.jpeg	undefined
20240219	14:03:17	f244f4d5-9a72-49a3-8e53-7fbd655af95e	GET	/uploads/products/1708064639897-pipe2.jpeg	undefined
20240219	14:03:19	15afbca7-0c2b-471d-ac4f-05347af4e0dd	GET	/SiteSupplyCraft/products?page=1	undefined
20240219	14:03:20	91833b02-9b25-44d8-ad9a-cf2985807abe	GET	/SiteSupplyCraft/myprofile	undefined
20240219	14:03:20	b058e3f3-00ee-404c-b914-b75711ff9ba8	GET	/SiteSupplyCraft/payment/stripeApi	undefined
20240219	14:03:20	3ccff5c6-c13c-4867-ba48-79bf6e7b01a5	GET	/uploads/products/1708062387445-sand.jpeg	undefined
20240219	14:03:20	744c632d-8817-4f2f-8dcb-f1eb5dab0097	GET	/uploads/products/1708064639897-pipe2.jpeg	undefined
20240219	14:03:20	2c6d86c9-fd07-4ed6-b555-db90cae35c6d	GET	/uploads/users/1708078200296-product_Owner3.jpeg	undefined
20240219	14:03:22	f91b8490-06f6-4bbe-ab79-2bfcb5a37473	GET	/uploads/users/1708078200296-product_Owner3.jpeg	undefined
20240219	14:03:25	cce43d37-59c2-496f-871b-57a5a71073b9	GET	/uploads/users/1708078200296-product_Owner3.jpeg	undefined
20240219	14:03:30	92841418-d8de-4f41-970b-213cf3d504c6	PUT	/SiteSupplyCraft/myprofile/edit	http://localhost:4500/
20240219	14:03:31	8c6adec1-35a4-49b1-ae8e-290a003f92e5	GET	/uploads/users/1708078200296-product_Owner3.jpeg	undefined
20240219	14:03:31	3707e5d2-e79f-42d4-aa9e-d03bde9473c9	GET	/uploads/products/1708062387445-sand.jpeg	undefined
20240219	14:03:31	9a31c208-86c3-44c2-888e-b8f3833a3f91	GET	/uploads/products/1708064639897-pipe2.jpeg	undefined
20240219	14:03:31	066249c7-3338-4dad-b626-4046e6c396de	GET	/SiteSupplyCraft/products?page=1	undefined
20240219	14:03:32	65878c19-d2fa-4825-998b-8a68628967aa	GET	/uploads/products/1708062387445-sand.jpeg	undefined
20240219	14:03:32	9b549a58-004b-46a4-abbc-945f05213067	GET	/uploads/products/1708064639897-pipe2.jpeg	undefined
20240219	14:03:34	ed46a5c8-b572-4932-bbed-7b99baab7129	GET	/SiteSupplyCraft/logout	undefined
20240219	14:03:44	3c2ca90f-68c4-474a-b0b4-eedf423070d0	POST	/SiteSupplyCraft/login	http://localhost:4500/
20240219	14:03:45	3ff4bf27-3375-440a-8edd-d419db565ed7	GET	/uploads/users/1708078200296-product_Owner3.jpeg	undefined
20240219	14:03:45	85a25b43-832c-443b-9a07-19c36d023a18	GET	/SiteSupplyCraft/products?page=1	undefined
20240219	14:03:45	60959329-17b4-4417-a9c7-cd0092d74331	GET	/uploads/products/1708062387445-sand.jpeg	undefined
20240219	14:03:45	c44da1e2-5de3-4140-b187-8349eff975db	GET	/uploads/products/1708064639897-pipe2.jpeg	undefined
20240219	14:03:45	0c0f21a6-9f3f-4e17-be4c-8650351d33cf	GET	/uploads/products/1708064639897-pipe2.jpeg	undefined
20240219	14:03:45	9d07d05c-5e86-4858-aedf-0657932b0f16	GET	/uploads/products/1708062387445-sand.jpeg	undefined
20240219	14:03:50	ca0aa118-179b-4ad6-8b96-32e9e6ac1163	GET	/uploads/users/1708078200296-product_Owner3.jpeg	undefined
20240219	14:03:51	1a04f92c-e4c2-4e66-b4fa-6d48fb696f29	GET	/uploads/users/1708078200296-product_Owner3.jpeg	undefined
20240219	14:04:03	49630f6c-27b6-4a33-8883-ad87c53e86d5	PUT	/SiteSupplyCraft/myprofile/edit	http://localhost:4500/
20240219	14:04:05	3921f097-7913-4514-af17-709a978fc2b8	GET	/uploads/users/1708078200296-product_Owner3.jpeg	undefined
20240219	14:04:05	c73694c2-873d-4524-b927-aef4ba99c9a6	GET	/uploads/products/1708062387445-sand.jpeg	undefined
20240219	14:04:05	e02945c0-4890-4ba1-a531-633c9a81a837	GET	/uploads/products/1708064639897-pipe2.jpeg	undefined
20240219	14:04:05	a7ad30b3-9bb6-481f-93dc-38a81aa6158d	GET	/SiteSupplyCraft/products?page=1	undefined
20240219	14:04:06	d82ba67f-5b40-4a9f-94f7-977e9f6a5025	GET	/uploads/products/1708064639897-pipe2.jpeg	undefined
20240219	14:04:06	c282dda3-09ce-40df-950e-7074859691fe	GET	/uploads/products/1708062387445-sand.jpeg	undefined
20240219	14:04:08	6ac3a42e-baad-48e9-b66c-e187822e22f3	GET	/SiteSupplyCraft/logout	undefined
20240219	14:04:22	4336f956-41eb-4325-9035-cc9ac64289fd	POST	/SiteSupplyCraft/login	http://localhost:4500/
20240219	14:04:23	91ab7fc5-9459-49a7-bb8e-bdb36953b9f4	GET	/uploads/users/1708078200296-product_Owner3.jpeg	undefined
20240219	14:04:23	03660581-01a1-4e69-9835-0b4475b30d1d	GET	/uploads/products/1708062387445-sand.jpeg	undefined
20240219	14:04:23	1a86d817-aeef-4755-9d17-62739de3fae9	GET	/uploads/products/1708064639897-pipe2.jpeg	undefined
20240219	14:04:23	bb35ed6f-b75a-41d2-9a67-dc849f5722fb	GET	/SiteSupplyCraft/products?page=1	undefined
20240219	14:04:24	f2c4900f-3f2a-4c9e-a567-d529c3b46a95	GET	/uploads/products/1708062387445-sand.jpeg	undefined
20240219	14:04:24	b2d7e913-e2f5-4cd9-a3c9-4e3b12d56cd3	GET	/uploads/products/1708064639897-pipe2.jpeg	undefined
20240219	14:04:26	ae11cde9-4de8-4e16-867c-68659512062f	GET	/uploads/users/1708078200296-product_Owner3.jpeg	undefined
20240219	14:07:16	b15075c6-8049-4a1d-ae58-9a9e46cc9219	GET	/uploads/users/1708078200296-product_Owner3.jpeg	undefined
20240219	14:07:29	94a4c6a9-c5c0-429b-b702-f7ab8f9c0491	PUT	/SiteSupplyCraft/myprofile/edit	http://localhost:4500/
20240219	14:07:30	b2221b7c-9b73-4c21-b89f-79f02d843592	GET	/uploads/users/1708078200296-product_Owner3.jpeg	undefined
20240219	14:07:30	aead50dd-0f8d-4b29-bb95-27286957f7b6	GET	/SiteSupplyCraft/products?page=1	undefined
20240219	14:07:30	04c288b2-1ba2-4ca4-b252-ef768e392a82	GET	/uploads/products/1708062387445-sand.jpeg	undefined
20240219	14:07:30	98742efd-dd27-4f32-af23-977514427ebc	GET	/uploads/products/1708064639897-pipe2.jpeg	undefined
20240219	14:07:30	7fdea4a9-7187-4e9d-9d7e-858b0d239df0	GET	/uploads/products/1708062387445-sand.jpeg	undefined
20240219	14:07:30	5897c900-e5a8-4695-a3b9-efff22e0a2c1	GET	/uploads/products/1708064639897-pipe2.jpeg	undefined
20240219	14:07:34	fae48f11-3659-4c3e-8526-37afb3ae8bf0	GET	/SiteSupplyCraft/myprofile	undefined
20240219	14:07:34	821121b9-bf2d-44c6-8078-64fdcf1ac1a3	GET	/uploads/users/1708078200296-product_Owner3.jpeg	undefined
20240219	14:17:32	8ff3a139-58a6-4825-84a8-ed51c9792f93	GET	/uploads/users/1708078200296-product_Owner3.jpeg	undefined
20240219	14:17:34	dff40d10-cc82-422d-a856-67498253224d	GET	/uploads/users/1708078200296-product_Owner3.jpeg	undefined
20240219	14:17:47	70fcd9fb-e146-4607-a7d4-6e1cd4da40ed	PUT	/SiteSupplyCraft/myprofile/edit	http://localhost:4500/
20240219	14:17:48	0292759c-095d-4aa4-90f8-4bcdbd40e418	GET	/uploads/users/1708078200296-product_Owner3.jpeg	undefined
20240219	14:17:48	1a25a84a-ed03-4b9e-938b-bfb30e542a49	GET	/uploads/products/1708062387445-sand.jpeg	undefined
20240219	14:17:48	ff989302-5db3-47f2-9989-3fb943bd4868	GET	/uploads/products/1708064639897-pipe2.jpeg	undefined
20240219	14:17:48	468e039b-f74e-4730-9898-12ccb5f87e75	GET	/SiteSupplyCraft/products?page=1	undefined
20240219	14:17:49	569e724a-047e-4beb-98d6-d5138a7e4c0e	GET	/uploads/products/1708062387445-sand.jpeg	undefined
20240219	14:17:49	e49cbd28-7dc0-4592-aba4-5ebc3d112de8	GET	/uploads/products/1708064639897-pipe2.jpeg	undefined
20240219	14:21:07	20e2d5e9-c58a-4e53-ad9f-2361b8420a63	GET	/uploads/users/1708078200296-product_Owner3.jpeg	undefined
20240219	14:21:09	d5836e1b-942b-4d5a-b551-be6999d25796	GET	/uploads/users/1708078200296-product_Owner3.jpeg	undefined
20240219	14:21:09	5d86512e-563e-43bc-9098-038938e5cc32	GET	/uploads/products/1708062387445-sand.jpeg	undefined
20240219	14:21:09	51d90475-c5ec-48df-a9c4-fa84a0613fc3	GET	/uploads/products/1708064639897-pipe2.jpeg	undefined
20240219	14:21:09	7f476416-745f-4de8-991e-c6a802a96e2f	GET	/SiteSupplyCraft/products?page=1	undefined
20240219	14:21:10	631fd641-79a1-4a8c-a2de-a7341e38f26b	GET	/uploads/products/1708062387445-sand.jpeg	undefined
20240219	14:21:10	6ed7af37-ee5f-4cd2-b50b-3db58db63f1a	GET	/uploads/products/1708064639897-pipe2.jpeg	undefined
20240219	14:21:14	782b154c-56d1-4ed7-abe1-33db054a5234	GET	/SiteSupplyCraft/products?page=1	undefined
20240219	14:21:14	47f3ccbe-5695-47ea-8d15-bef80dc76d54	GET	/SiteSupplyCraft/myprofile	undefined
20240219	14:21:15	376503fb-5ecf-4145-a38e-5429c80bea18	GET	/SiteSupplyCraft/payment/stripeApi	undefined
20240219	14:21:15	66211470-8d8b-4864-bc96-3c91cf2e4916	GET	/uploads/users/1708078200296-product_Owner3.jpeg	undefined
20240219	14:21:15	bf114c34-b143-4856-b2fe-8f9f68730b87	GET	/uploads/products/1708062387445-sand.jpeg	undefined
20240219	14:21:15	aad6d487-8469-49a5-a3c1-e97d33122350	GET	/uploads/products/1708064639897-pipe2.jpeg	undefined
20240219	14:21:21	12d273e3-a1dc-4703-b1e9-0f9c7be8567e	GET	/uploads/users/1708078200296-product_Owner3.jpeg	undefined
20240219	14:21:23	03588c0d-9aa6-4bf0-90fb-622eeb2742ab	GET	/uploads/users/1708078200296-product_Owner3.jpeg	undefined
20240219	14:21:38	99254fc1-4379-468e-8bd1-0aa2b5aa9b8d	PUT	/SiteSupplyCraft/myprofile/edit	http://localhost:4500/
20240219	14:21:39	aeffb0b4-bae9-4b34-b254-d7fa68f622b4	GET	/uploads/users/1708078200296-product_Owner3.jpeg	undefined
20240219	14:21:39	fc0ab108-fdd9-47fd-8ade-5334241900ba	GET	/SiteSupplyCraft/products?page=1	undefined
20240219	14:21:39	b3c0a395-3bd8-4836-811c-a4bf5dc8df15	GET	/uploads/products/1708062387445-sand.jpeg	undefined
20240219	14:21:39	35636bdb-3136-428c-9c99-d0f0be82773b	GET	/uploads/products/1708064639897-pipe2.jpeg	undefined
20240219	14:21:40	6ada013e-b4a2-49d8-a0b8-3407ea82d911	GET	/uploads/products/1708062387445-sand.jpeg	undefined
20240219	14:21:40	107fdaba-3d6e-4500-b777-4b5d92ab3183	GET	/uploads/products/1708064639897-pipe2.jpeg	undefined
20240219	14:23:30	1cbeeec2-20eb-4a61-8d43-26f5222483ca	GET	/SiteSupplyCraft/logout	undefined
20240219	14:23:40	8713e45c-884c-43c2-904a-61dbec23a66f	POST	/SiteSupplyCraft/login	http://localhost:4500/
20240219	14:23:41	2cc38f84-cc2f-417f-a04b-44d8ef351d54	GET	/uploads/users/1708078200296-product_Owner3.jpeg	undefined
20240219	14:23:41	624f63d6-2d6b-4b2a-8b6e-9bc3e92a83da	GET	/SiteSupplyCraft/products?page=1	undefined
20240219	14:23:41	bc511c3c-1b42-402b-afe7-b17784cb269a	GET	/uploads/products/1708062387445-sand.jpeg	undefined
20240219	14:23:41	92b3da39-d3ab-4913-903f-1ed7483e9cf3	GET	/uploads/products/1708064639897-pipe2.jpeg	undefined
20240219	14:23:42	2b732d7f-3e67-4713-8e55-62070d13c0b0	GET	/uploads/products/1708062387445-sand.jpeg	undefined
20240219	14:23:42	55100890-9212-47b3-b4ba-b17f0cbc45a7	GET	/uploads/products/1708064639897-pipe2.jpeg	undefined
20240219	14:30:47	e0b6ad4d-b897-421a-8482-fc8c75c0ae46	GET	/uploads/users/1708078200296-product_Owner3.jpeg	undefined
20240219	14:30:49	0e5ebc31-b7af-4e2f-a43e-58af6c706a7b	GET	/uploads/users/1708078200296-product_Owner3.jpeg	undefined
20240219	14:31:01	af1a7c94-710c-48d0-8ff7-123a00139864	PUT	/SiteSupplyCraft/myprofile/edit	http://localhost:4500/
20240219	14:31:02	e9e7e6e4-aa2a-4e20-873c-fa1c41fd0ed7	GET	/uploads/users/1708078200296-product_Owner3.jpeg	undefined
20240219	14:31:02	107cd7fe-c934-4132-9dc5-e082809b4c2d	GET	/uploads/products/1708062387445-sand.jpeg	undefined
20240219	14:31:02	a39cfa11-2226-4fb6-a4c9-7c4d9dbaf095	GET	/uploads/products/1708064639897-pipe2.jpeg	undefined
20240219	14:31:02	d550f86d-de32-416f-9ae5-b39b3b91cf63	GET	/SiteSupplyCraft/products?page=1	undefined
20240219	14:31:03	f6c183ea-7918-4626-82af-01b41aa90302	GET	/uploads/products/1708062387445-sand.jpeg	undefined
20240219	14:31:03	644e1484-0752-4037-b8ea-8f2cc8fcc5cb	GET	/uploads/products/1708064639897-pipe2.jpeg	undefined
20240219	14:31:06	e9793302-32a5-4643-9c3c-0190e8f2bb04	GET	/SiteSupplyCraft/logout	undefined
20240219	14:31:13	eec71530-c4cc-461e-9171-ef6d3eb5f658	POST	/SiteSupplyCraft/login	http://localhost:4500/
20240219	14:31:14	257ee2cd-0a55-447f-a935-82c767378d12	GET	/uploads/users/1708078200296-product_Owner3.jpeg	undefined
20240219	14:31:14	288fce5b-eb25-4876-9dd9-b99c20db5262	GET	/SiteSupplyCraft/products?page=1	undefined
20240219	14:31:14	ed98234c-68af-4426-b9e0-d3c3d28e08b7	GET	/uploads/products/1708062387445-sand.jpeg	undefined
20240219	14:31:14	51d5583c-75c7-4b6b-b430-7736535304b0	GET	/uploads/products/1708064639897-pipe2.jpeg	undefined
20240219	14:31:15	f2fffb33-ac46-4266-835e-9c62a7167cef	GET	/uploads/products/1708062387445-sand.jpeg	undefined
20240219	14:31:15	84b97d53-c5ea-4e5d-9f58-1f5822a42c1e	GET	/uploads/products/1708064639897-pipe2.jpeg	undefined
20240219	14:31:18	2f1171db-b739-4fb8-aa5a-88e83808cdbe	GET	/SiteSupplyCraft/logout	undefined
20240219	14:31:26	3454b02f-b1d1-4a3e-8ac4-331aa3f17328	POST	/SiteSupplyCraft/login	http://localhost:4500/
20240219	14:31:33	f72d42f9-2b23-4480-9829-962696d56096	POST	/SiteSupplyCraft/login	http://localhost:4500/
20240219	14:31:34	67603ff3-2198-422b-bc34-698af8f09f40	GET	/uploads/users/1708078200296-product_Owner3.jpeg	undefined
20240219	14:31:34	fc626d15-ccf2-4031-8f0f-0f1fa81fe29a	GET	/uploads/products/1708062387445-sand.jpeg	undefined
20240219	14:31:34	f22c7b69-c460-4388-bb81-8aa16f9617cf	GET	/uploads/products/1708064639897-pipe2.jpeg	undefined
20240219	14:31:34	965118fe-2afd-4b61-9813-49d25f0ea5e1	GET	/SiteSupplyCraft/products?page=1	undefined
20240219	14:31:35	70a50349-2c89-483e-8327-c5c20b483e7e	GET	/uploads/products/1708062387445-sand.jpeg	undefined
20240219	14:31:35	c4e0f93c-ca1b-402f-975f-49b97d8a951f	GET	/uploads/products/1708064639897-pipe2.jpeg	undefined
20240219	14:31:37	47b5c901-e461-4c22-8569-40a04ca77dc1	GET	/uploads/users/1708078200296-product_Owner3.jpeg	undefined
20240219	14:33:18	c465c665-bbd7-449e-b885-e90e3838fac9	GET	/SiteSupplyCraft/myprofile	undefined
20240219	14:33:18	484cba4f-db68-4023-b26c-4f6e248f3b6b	GET	/SiteSupplyCraft/payment/stripeApi	undefined
20240219	14:33:19	f27728bb-afe1-4391-b190-beca262ca6e1	GET	/SiteSupplyCraft/myprofile	undefined
20240219	14:33:19	a6031772-394a-475a-95e2-9568781e99a8	GET	/uploads/users/1708078200296-product_Owner3.jpeg	undefined
20240219	14:33:19	ba5e22c6-7502-4594-acc2-49b4d51c884c	GET	/SiteSupplyCraft/products?page=1	undefined
20240219	14:33:20	76b370ef-343b-4e79-ac02-aeaf182d0521	GET	/SiteSupplyCraft/myprofile	undefined
20240219	14:33:20	bf51f363-bbd0-4b60-b42a-0dea2fd2041e	GET	/uploads/products/1708062387445-sand.jpeg	undefined
20240219	14:33:20	7a938cae-9b46-4e44-b181-c2adb2bea33a	GET	/uploads/products/1708064639897-pipe2.jpeg	undefined
20240219	14:33:20	2c9fb52a-7ae8-45fa-a1fa-823d3e169965	GET	/uploads/users/1708078200296-product_Owner3.jpeg	undefined
20240219	14:33:23	46b2fef6-5dc6-47da-b890-a607d7526da5	GET	/uploads/users/1708078200296-product_Owner3.jpeg	undefined
20240219	14:33:24	078a06dc-d90b-47c7-bf0f-526a7f18ab33	GET	/uploads/users/1708078200296-product_Owner3.jpeg	undefined
20240219	14:33:41	ffbb39f2-37fb-48e8-b094-424440804209	PUT	/SiteSupplyCraft/myprofile/edit	http://localhost:4500/
20240219	14:33:42	a687f43a-839b-4c54-bbfd-4c30a5fb98fa	GET	/uploads/users/1708078200296-product_Owner3.jpeg	undefined
20240219	14:33:42	42dfc291-fc3a-4fc9-94b7-95f54be56b79	GET	/uploads/products/1708064639897-pipe2.jpeg	undefined
20240219	14:33:42	2946ff52-e8f7-4e59-aa64-9ba331f78427	GET	/uploads/products/1708062387445-sand.jpeg	undefined
20240219	14:33:43	378cd69a-7edf-4d65-ac32-68cb9b8cfbc9	GET	/SiteSupplyCraft/products?page=1	undefined
20240219	14:33:43	126e7ce7-bafa-419a-928a-27ab9218aca4	GET	/uploads/products/1708062387445-sand.jpeg	undefined
20240219	14:33:43	4719de37-5a82-4d5f-a3aa-39785e1584aa	GET	/uploads/products/1708064639897-pipe2.jpeg	undefined
20240219	14:33:47	9110dd43-dfa6-4022-98b5-104b29bdf2a6	GET	/SiteSupplyCraft/logout	undefined
20240219	14:33:55	609a9b83-0fa8-47c5-89c0-f5e49dc4330a	POST	/SiteSupplyCraft/login	http://localhost:4500/
20240219	14:33:56	710d28d8-7df2-43d2-be4e-de461c04f65e	GET	/uploads/users/1708078200296-product_Owner3.jpeg	undefined
20240219	14:33:56	c88f854a-685e-45ef-8d79-2647427bd668	GET	/SiteSupplyCraft/products?page=1	undefined
20240219	14:33:56	75d73f68-4237-4762-9466-f21c072c84c8	GET	/uploads/products/1708062387445-sand.jpeg	undefined
20240219	14:33:56	d591b622-4f36-4569-9771-3627499cc9cf	GET	/uploads/products/1708064639897-pipe2.jpeg	undefined
20240219	14:33:57	2705e6d5-79d3-4392-b4a5-803b14e138f2	GET	/uploads/products/1708062387445-sand.jpeg	undefined
20240219	14:33:57	8e35546c-00db-408a-930b-75d6de9eeb37	GET	/uploads/products/1708064639897-pipe2.jpeg	undefined
20240219	14:42:56	c0c8868f-f1da-42fa-af0f-c1760f885b3e	GET	/uploads/users/1708078200296-product_Owner3.jpeg	undefined
20240219	14:42:59	fc86da07-dd11-4ad5-946e-dd66aa7f71d2	GET	/uploads/users/1708078200296-product_Owner3.jpeg	undefined
20240219	14:43:09	40fae561-12b0-407b-93d7-1ae45b0ade69	PUT	/SiteSupplyCraft/myprofile/edit	http://localhost:4500/
20240219	14:43:09	dbd4d4bf-5295-4490-8d6f-c4d8637dfaab	GET	/uploads/users/1708078200296-product_Owner3.jpeg	undefined
20240219	14:43:09	2080c117-5ec5-4d81-a4a8-a68238b32a81	GET	/SiteSupplyCraft/products?page=1	undefined
20240219	14:43:09	d190216d-90a7-4f0e-ba56-7c66348ef3ae	GET	/uploads/products/1708064639897-pipe2.jpeg	undefined
20240219	14:43:09	567dbb0c-ffba-4bc6-b75c-42d8e0c88a36	GET	/uploads/products/1708062387445-sand.jpeg	undefined
20240219	14:43:10	913cb0e7-c1b3-46b8-909f-6b314a01819f	GET	/uploads/products/1708062387445-sand.jpeg	undefined
20240219	14:43:10	553d1f77-a14c-47f8-af1a-f7ff99918ec1	GET	/uploads/products/1708064639897-pipe2.jpeg	undefined
20240219	14:43:13	99c3c23d-6842-4826-acd1-91945813c75e	GET	/SiteSupplyCraft/logout	undefined
20240219	14:43:21	a7f2425c-d338-4f01-af55-a20d96edcf6b	POST	/SiteSupplyCraft/login	http://localhost:4500/
20240219	14:43:24	553276d9-44bb-402f-ac44-2e902173ccef	POST	/SiteSupplyCraft/login	http://localhost:4500/
20240219	14:43:25	1fee27fb-0db8-474b-957c-a0e13f2ca706	GET	/uploads/users/1708078200296-product_Owner3.jpeg	undefined
20240219	14:43:25	2db88885-cef1-43c3-a45b-96d8beddc8f6	GET	/SiteSupplyCraft/products?page=1	undefined
20240219	14:43:25	9f891cbd-7492-4446-b359-2f04e07f6d2a	GET	/uploads/products/1708064639897-pipe2.jpeg	undefined
20240219	14:43:25	a7bf2947-70f1-4bf6-9c4b-adc4f33851fb	GET	/uploads/products/1708062387445-sand.jpeg	undefined
20240219	14:43:26	1e84f17c-fd5a-4d42-9703-995b386d1a7f	GET	/uploads/products/1708062387445-sand.jpeg	undefined
20240219	14:43:26	bfad1090-d2f3-4986-8bed-0ff19fb99d0f	GET	/uploads/products/1708064639897-pipe2.jpeg	undefined
20240219	14:45:10	6b9708db-4b78-43a1-b1bd-b00fc9b11ecc	GET	/uploads/users/1708078200296-product_Owner3.jpeg	undefined
20240219	14:45:12	07f3c18a-3e7c-49f0-a114-9c3a953e340a	GET	/uploads/users/1708078200296-product_Owner3.jpeg	undefined
20240219	14:45:23	70c819d3-f2cf-40e0-b9dc-04e78725df88	PUT	/SiteSupplyCraft/myprofile/edit	http://localhost:4500/
20240219	14:45:24	40847279-602d-4cac-9ace-335ecae8f045	GET	/uploads/users/1708078200296-product_Owner3.jpeg	undefined
20240219	14:45:24	01d579a9-2a67-48c7-87cc-30f283bba3e3	GET	/uploads/products/1708064639897-pipe2.jpeg	undefined
20240219	14:45:24	1321b83a-32a0-4ecd-927a-64b226def485	GET	/uploads/products/1708062387445-sand.jpeg	undefined
20240219	14:45:24	20f9afe8-847c-459a-ba78-938ce9503f2d	GET	/SiteSupplyCraft/products?page=1	undefined
20240219	14:45:25	3cd7ec9c-1205-454b-a3c3-6ba3beb4c710	GET	/uploads/products/1708062387445-sand.jpeg	undefined
20240219	14:45:25	a39dc42a-b8b4-4ff7-9c4d-1973a017f98e	GET	/uploads/products/1708064639897-pipe2.jpeg	undefined
20240219	14:45:28	dca7b491-d1a1-4450-8d76-ce08c18d3d34	GET	/SiteSupplyCraft/logout	undefined
20240219	14:45:41	03337ad0-7847-4a3f-80a8-ee82cb5e3771	POST	/SiteSupplyCraft/login	http://localhost:4500/
20240219	14:45:44	4eb09318-24d1-4820-b3c2-d05c3e8b81f2	POST	/SiteSupplyCraft/login	http://localhost:4500/
20240219	14:45:45	bfc4bf32-443b-4b87-a6c5-1fe2fb108cc3	GET	/uploads/users/1708078200296-product_Owner3.jpeg	undefined
20240219	14:45:45	277a60a7-2d0a-45bd-84ba-930478cc91a5	GET	/uploads/products/1708062387445-sand.jpeg	undefined
20240219	14:45:45	c59504d0-ccfb-4085-9ca4-77e03895bbd3	GET	/uploads/products/1708064639897-pipe2.jpeg	undefined
20240219	14:45:45	887c3075-8cc4-49ec-a555-ec17f3c3e341	GET	/SiteSupplyCraft/products?page=1	undefined
20240219	14:45:46	cd60db79-5a1b-414c-aa03-a16363dcc56b	GET	/uploads/products/1708062387445-sand.jpeg	undefined
20240219	14:45:46	d4431be5-925e-43fe-86fa-04db39fc6871	GET	/uploads/products/1708064639897-pipe2.jpeg	undefined
